TN:
SF:/home/xucong/caicAD/01datainfra/Aurora/aurora-edge-runtime/src/common/async_io.cpp
FN:13,_ZN6aurora5async15AsyncFileWriterC2Emm
FN:18,_ZN6aurora5async15AsyncFileWriterD2Ev
FN:22,_ZN6aurora5async15AsyncFileWriter5startEv
FN:29,_ZN6aurora5async15AsyncFileWriter4stopEv
FN:41,_ZN6aurora5async15AsyncFileWriter10writerLoopEv
FN:47,_ZZN6aurora5async15AsyncFileWriter10writerLoopEvENKUlvE_clEv
FN:67,_ZN6aurora5async15AsyncFileWriter11processTaskERKNS1_9WriteTaskE
FN:106,_ZN6aurora5async15AsyncFileWriter5writeERKNSt7__cxx1112basic_stringIcSt11char_traitsIcESaIcEEERKSt6vectorIcS6_Ebb
FN:126,_ZZN6aurora5async15AsyncFileWriter5writeERKNSt7__cxx1112basic_stringIcSt11char_traitsIcESaIcEEERKSt6vectorIcS6_EbbENKUlvE_clEv
FN:139,_ZN6aurora5async15AsyncFileWriter17writeWithCallbackERKNSt7__cxx1112basic_stringIcSt11char_traitsIcESaIcEEERKSt6vectorIcS6_ESt8functionIFvRKNS0_6ResultImEEEEbb
FN:156,_ZZN6aurora5async15AsyncFileWriter17writeWithCallbackERKNSt7__cxx1112basic_stringIcSt11char_traitsIcESaIcEEERKSt6vectorIcS6_ESt8functionIFvRKNS0_6ResultImEEEEbbENKUlvE_clEv
FN:165,_ZN6aurora5async15AsyncFileWriter9writeSyncERKNSt7__cxx1112basic_stringIcSt11char_traitsIcESaIcEEERKSt6vectorIcS6_Eb
FN:196,_ZNK6aurora5async15AsyncFileWriter12getQueueSizeEv
FN:201,_ZN6aurora5async15AsyncFileWriter5flushEv
FN:204,_ZZN6aurora5async15AsyncFileWriter5flushEvENKUlvE_clEv
FN:211,_ZN6aurora5async15AsyncFileReaderC2Emmm
FN:218,_ZN6aurora5async15AsyncFileReaderD2Ev
FN:222,_ZN6aurora5async15AsyncFileReader5startEv
FN:229,_ZN6aurora5async15AsyncFileReader4stopEv
FN:241,_ZN6aurora5async15AsyncFileReader10readerLoopEv
FN:247,_ZZN6aurora5async15AsyncFileReader10readerLoopEvENKUlvE_clEv
FN:272,_ZN6aurora5async15AsyncFileReader8readFileERKNSt7__cxx1112basic_stringIcSt11char_traitsIcESaIcEEEmm
FN:316,_ZN6aurora5async15AsyncFileReader15tryGetFromCacheERKNSt7__cxx1112basic_stringIcSt11char_traitsIcESaIcEEERSt6vectorIcS6_E
FN:338,_ZN6aurora5async15AsyncFileReader10addToCacheERKNSt7__cxx1112basic_stringIcSt11char_traitsIcESaIcEEESt6vectorIcS6_E
FN:351,_ZZN6aurora5async15AsyncFileReader10addToCacheERKNSt7__cxx1112basic_stringIcSt11char_traitsIcESaIcEEESt6vectorIcS6_EENKUlRKNS1_10CacheEntryESE_E_clESE_SE_
FN:370,_ZN6aurora5async15AsyncFileReader4readERKNSt7__cxx1112basic_stringIcSt11char_traitsIcESaIcEEE
FN:389,_ZN6aurora5async15AsyncFileReader16readWithCallbackERKNSt7__cxx1112basic_stringIcSt11char_traitsIcESaIcEEESt8functionIFvRKNS0_6ResultISt6vectorIcS6_EEEEE
FN:406,_ZN6aurora5async15AsyncFileReader7preloadERKNSt7__cxx1112basic_stringIcSt11char_traitsIcESaIcEEE
FN:413,_ZN6aurora5async15AsyncFileReader8readSyncERKNSt7__cxx1112basic_stringIcSt11char_traitsIcESaIcEEE
FN:447,_ZN6aurora5async15AsyncFileReader10clearCacheEv
FN:452,_ZNK6aurora5async15AsyncFileReader12getCacheSizeEv
FN:461,_ZNK6aurora5async15AsyncFileReader17getCacheFileCountEv
FN:468,_ZN6aurora5async11AsyncLoggerC2ERKNSt7__cxx1112basic_stringIcSt11char_traitsIcESaIcEEEmNSt6chrono8durationIlSt5ratioILl1ELl1EEEE
FN:487,_ZN6aurora5async11AsyncLoggerD2Ev
FN:491,_ZN6aurora5async11AsyncLogger5startEv
FN:499,_ZN6aurora5async11AsyncLogger4stopEv
FN:512,_ZN6aurora5async11AsyncLogger9flushLoopEv
FN:519,_ZN6aurora5async11AsyncLogger3logERKNSt7__cxx1112basic_stringIcSt11char_traitsIcESaIcEEE
FN:523,_ZN6aurora5async11AsyncLogger3logEPKcm
FN:540,_ZN6aurora5async11AsyncLogger3logERKSt6vectorIcSaIcEE
FN:544,_ZN6aurora5async11AsyncLogger11flushBufferEv
FN:561,_ZN6aurora5async11AsyncLogger5flushEv
FN:566,_ZN6aurora5async11AsyncLogger4infoERKNSt7__cxx1112basic_stringIcSt11char_traitsIcESaIcEEE
FN:575,_ZN6aurora5async11AsyncLogger4warnERKNSt7__cxx1112basic_stringIcSt11char_traitsIcESaIcEEE
FN:584,_ZN6aurora5async11AsyncLogger5errorERKNSt7__cxx1112basic_stringIcSt11char_traitsIcESaIcEEE
FN:593,_ZN6aurora5async11AsyncLogger5debugERKNSt7__cxx1112basic_stringIcSt11char_traitsIcESaIcEEE
FN:604,_ZN6aurora5async16AsyncBagRecorderC2Em
FN:609,_ZN6aurora5async16AsyncBagRecorderD2Ev
FN:613,_ZN6aurora5async16AsyncBagRecorder5startERKNSt7__cxx1112basic_stringIcSt11char_traitsIcESaIcEEE
FN:621,_ZN6aurora5async16AsyncBagRecorder4stopEv
FN:630,_ZN6aurora5async16AsyncBagRecorder13recordingLoopEv
FN:636,_ZZN6aurora5async16AsyncBagRecorder13recordingLoopEvENKUlvE_clEv
FN:656,_ZN6aurora5async16AsyncBagRecorder14processMessageERKNS1_16RecordingRequestE
FN:662,_ZN6aurora5async16AsyncBagRecorder10addMessageERKNSt7__cxx1112basic_stringIcSt11char_traitsIcESaIcEEERKSt6vectorIcS6_ENSt6chrono8durationIlSt5ratioILl1ELl1000000000EEEE
FN:682,_ZNK6aurora5async16AsyncBagRecorder12getQueueSizeEv
FN:689,_ZN6aurora5async19StreamingFileWriterC2ERKNSt7__cxx1112basic_stringIcSt11char_traitsIcESaIcEEEbm
FN:702,_ZN6aurora5async19StreamingFileWriterD2Ev
FN:706,_ZN6aurora5async19StreamingFileWriter4openEv
FN:716,_ZN6aurora5async19StreamingFileWriter5closeEv
FN:728,_ZN6aurora5async19StreamingFileWriter5writeEPKvm
FN:749,_ZN6aurora5async19StreamingFileWriter5writeERKSt6vectorIcSaIcEE
FN:753,_ZN6aurora5async19StreamingFileWriter11flushBufferEv
FN:771,_ZN6aurora5async19StreamingFileWriter5flushEv
FN:781,_ZN6aurora5async16AsyncIoEventLoopD2Ev
FN:785,_ZN6aurora5async16AsyncIoEventLoop5startEv
FN:790,_ZN6aurora5async16AsyncIoEventLoop4stopEv
FN:797,_ZN6aurora5async16AsyncIoEventLoop9eventLoopEv
FN:804,_ZN6aurora5async16AsyncIoEventLoop8scheduleESt8functionIFvvEENSt6chrono8durationIlSt5ratioILl1ELl1000EEEE
FN:815,_ZN6aurora5async16AsyncIoEventLoop17scheduleRecurringESt8functionIFvvEENSt6chrono8durationIlSt5ratioILl1ELl1000EEEE
FN:827,_ZN6aurora5async16AsyncIoEventLoop7executeESt8functionIFvvEE
FN:831,_ZN6aurora5async16AsyncIoEventLoop7runOnceEv
FNDA:0,_ZNK6aurora5async15AsyncFileWriter12getQueueSizeEv
FNDA:0,_ZN6aurora5async15AsyncFileWriter5flushEv
FNDA:0,_ZN6aurora5async16AsyncBagRecorder5startERKNSt7__cxx1112basic_stringIcSt11char_traitsIcESaIcEEE
FNDA:0,_ZN6aurora5async16AsyncBagRecorderC2Em
FNDA:0,_ZN6aurora5async15AsyncFileReader10addToCacheERKNSt7__cxx1112basic_stringIcSt11char_traitsIcESaIcEEESt6vectorIcS6_E
FNDA:0,_ZN6aurora5async11AsyncLogger9flushLoopEv
FNDA:0,_ZN6aurora5async15AsyncFileWriter5writeERKNSt7__cxx1112basic_stringIcSt11char_traitsIcESaIcEEERKSt6vectorIcS6_Ebb
FNDA:0,_ZN6aurora5async11AsyncLogger4stopEv
FNDA:0,_ZNK6aurora5async15AsyncFileReader12getCacheSizeEv
FNDA:0,_ZZN6aurora5async15AsyncFileWriter5writeERKNSt7__cxx1112basic_stringIcSt11char_traitsIcESaIcEEERKSt6vectorIcS6_EbbENKUlvE_clEv
FNDA:0,_ZN6aurora5async19StreamingFileWriter5closeEv
FNDA:0,_ZZN6aurora5async16AsyncBagRecorder13recordingLoopEvENKUlvE_clEv
FNDA:0,_ZN6aurora5async15AsyncFileWriterD2Ev
FNDA:0,_ZN6aurora5async16AsyncIoEventLoop5startEv
FNDA:0,_ZN6aurora5async15AsyncFileReaderC2Emmm
FNDA:0,_ZN6aurora5async16AsyncIoEventLoop8scheduleESt8functionIFvvEENSt6chrono8durationIlSt5ratioILl1ELl1000EEEE
FNDA:0,_ZN6aurora5async19StreamingFileWriter5flushEv
FNDA:0,_ZN6aurora5async11AsyncLogger5flushEv
FNDA:0,_ZN6aurora5async15AsyncFileReader4stopEv
FNDA:0,_ZN6aurora5async16AsyncIoEventLoop9eventLoopEv
FNDA:0,_ZN6aurora5async15AsyncFileReaderD2Ev
FNDA:0,_ZZN6aurora5async15AsyncFileReader10readerLoopEvENKUlvE_clEv
FNDA:0,_ZN6aurora5async15AsyncFileWriter4stopEv
FNDA:0,_ZN6aurora5async16AsyncIoEventLoop17scheduleRecurringESt8functionIFvvEENSt6chrono8durationIlSt5ratioILl1ELl1000EEEE
FNDA:0,_ZN6aurora5async11AsyncLogger11flushBufferEv
FNDA:0,_ZZN6aurora5async15AsyncFileWriter10writerLoopEvENKUlvE_clEv
FNDA:0,_ZNK6aurora5async15AsyncFileReader17getCacheFileCountEv
FNDA:0,_ZN6aurora5async15AsyncFileWriter10writerLoopEv
FNDA:0,_ZN6aurora5async15AsyncFileWriter17writeWithCallbackERKNSt7__cxx1112basic_stringIcSt11char_traitsIcESaIcEEERKSt6vectorIcS6_ESt8functionIFvRKNS0_6ResultImEEEEbb
FNDA:0,_ZN6aurora5async16AsyncBagRecorderD2Ev
FNDA:0,_ZN6aurora5async15AsyncFileReader8readFileERKNSt7__cxx1112basic_stringIcSt11char_traitsIcESaIcEEEmm
FNDA:0,_ZN6aurora5async15AsyncFileWriterC2Emm
FNDA:0,_ZN6aurora5async16AsyncIoEventLoopD2Ev
FNDA:0,_ZN6aurora5async15AsyncFileWriter5startEv
FNDA:0,_ZN6aurora5async11AsyncLogger3logERKSt6vectorIcSaIcEE
FNDA:0,_ZN6aurora5async11AsyncLoggerC2ERKNSt7__cxx1112basic_stringIcSt11char_traitsIcESaIcEEEmNSt6chrono8durationIlSt5ratioILl1ELl1EEEE
FNDA:0,_ZN6aurora5async15AsyncFileReader16readWithCallbackERKNSt7__cxx1112basic_stringIcSt11char_traitsIcESaIcEEESt8functionIFvRKNS0_6ResultISt6vectorIcS6_EEEEE
FNDA:0,_ZN6aurora5async11AsyncLogger5startEv
FNDA:0,_ZNK6aurora5async16AsyncBagRecorder12getQueueSizeEv
FNDA:0,_ZN6aurora5async15AsyncFileReader10readerLoopEv
FNDA:0,_ZN6aurora5async19StreamingFileWriter4openEv
FNDA:0,_ZN6aurora5async11AsyncLogger5debugERKNSt7__cxx1112basic_stringIcSt11char_traitsIcESaIcEEE
FNDA:0,_ZN6aurora5async15AsyncFileReader7preloadERKNSt7__cxx1112basic_stringIcSt11char_traitsIcESaIcEEE
FNDA:0,_ZN6aurora5async19StreamingFileWriter5writeERKSt6vectorIcSaIcEE
FNDA:0,_ZN6aurora5async11AsyncLoggerD2Ev
FNDA:0,_ZN6aurora5async11AsyncLogger5errorERKNSt7__cxx1112basic_stringIcSt11char_traitsIcESaIcEEE
FNDA:0,_ZN6aurora5async15AsyncFileReader4readERKNSt7__cxx1112basic_stringIcSt11char_traitsIcESaIcEEE
FNDA:0,_ZN6aurora5async15AsyncFileReader5startEv
FNDA:0,_ZN6aurora5async11AsyncLogger4infoERKNSt7__cxx1112basic_stringIcSt11char_traitsIcESaIcEEE
FNDA:0,_ZN6aurora5async11AsyncLogger3logERKNSt7__cxx1112basic_stringIcSt11char_traitsIcESaIcEEE
FNDA:0,_ZN6aurora5async19StreamingFileWriterC2ERKNSt7__cxx1112basic_stringIcSt11char_traitsIcESaIcEEEbm
FNDA:0,_ZZN6aurora5async15AsyncFileReader10addToCacheERKNSt7__cxx1112basic_stringIcSt11char_traitsIcESaIcEEESt6vectorIcS6_EENKUlRKNS1_10CacheEntryESE_E_clESE_SE_
FNDA:0,_ZZN6aurora5async15AsyncFileWriter5flushEvENKUlvE_clEv
FNDA:0,_ZN6aurora5async19StreamingFileWriter5writeEPKvm
FNDA:0,_ZN6aurora5async19StreamingFileWriter11flushBufferEv
FNDA:0,_ZN6aurora5async16AsyncIoEventLoop7runOnceEv
FNDA:0,_ZN6aurora5async11AsyncLogger4warnERKNSt7__cxx1112basic_stringIcSt11char_traitsIcESaIcEEE
FNDA:0,_ZN6aurora5async15AsyncFileWriter11processTaskERKNS1_9WriteTaskE
FNDA:0,_ZN6aurora5async16AsyncBagRecorder14processMessageERKNS1_16RecordingRequestE
FNDA:0,_ZN6aurora5async16AsyncIoEventLoop4stopEv
FNDA:0,_ZN6aurora5async19StreamingFileWriterD2Ev
FNDA:0,_ZN6aurora5async16AsyncBagRecorder13recordingLoopEv
FNDA:0,_ZN6aurora5async15AsyncFileReader15tryGetFromCacheERKNSt7__cxx1112basic_stringIcSt11char_traitsIcESaIcEEERSt6vectorIcS6_E
FNDA:0,_ZZN6aurora5async15AsyncFileWriter17writeWithCallbackERKNSt7__cxx1112basic_stringIcSt11char_traitsIcESaIcEEERKSt6vectorIcS6_ESt8functionIFvRKNS0_6ResultImEEEEbbENKUlvE_clEv
FNDA:0,_ZN6aurora5async16AsyncIoEventLoop7executeESt8functionIFvvEE
FNDA:0,_ZN6aurora5async16AsyncBagRecorder10addMessageERKNSt7__cxx1112basic_stringIcSt11char_traitsIcESaIcEEERKSt6vectorIcS6_ENSt6chrono8durationIlSt5ratioILl1ELl1000000000EEEE
FNDA:0,_ZN6aurora5async15AsyncFileWriter9writeSyncERKNSt7__cxx1112basic_stringIcSt11char_traitsIcESaIcEEERKSt6vectorIcS6_Eb
FNDA:0,_ZN6aurora5async16AsyncBagRecorder4stopEv
FNDA:0,_ZN6aurora5async15AsyncFileReader10clearCacheEv
FNDA:0,_ZN6aurora5async15AsyncFileReader8readSyncERKNSt7__cxx1112basic_stringIcSt11char_traitsIcESaIcEEE
FNDA:0,_ZN6aurora5async11AsyncLogger3logEPKcm
FNF:71
FNH:0
BRDA:15,0,0,-
BRDA:15,0,1,-
BRDA:24,0,0,-
BRDA:24,0,1,-
BRDA:25,0,0,-
BRDA:25,0,1,-
BRDA:33,0,0,-
BRDA:33,0,1,-
BRDA:34,0,0,-
BRDA:34,0,1,-
BRDA:35,0,0,-
BRDA:35,0,1,-
BRDA:42,0,0,-
BRDA:42,0,1,-
BRDA:46,0,0,-
BRDA:46,0,1,-
BRDA:47,0,0,-
BRDA:47,0,1,-
BRDA:48,0,0,-
BRDA:48,0,1,-
BRDA:48,0,2,-
BRDA:48,0,3,-
BRDA:51,0,0,-
BRDA:51,0,1,-
BRDA:51,0,2,-
BRDA:51,0,3,-
BRDA:51,0,4,-
BRDA:51,0,5,-
BRDA:55,0,0,-
BRDA:55,0,1,-
BRDA:61,0,0,-
BRDA:61,0,1,-
BRDA:61,0,2,-
BRDA:63,0,0,-
BRDA:63,0,1,-
BRDA:64,0,0,-
BRDA:64,0,1,-
BRDA:64,0,2,-
BRDA:71,0,0,-
BRDA:71,0,1,-
BRDA:72,0,0,-
BRDA:72,0,1,-
BRDA:73,0,0,-
BRDA:73,0,1,-
BRDA:75,0,0,-
BRDA:75,0,1,-
BRDA:78,0,0,-
BRDA:78,0,1,-
BRDA:78,0,2,-
BRDA:78,0,3,-
BRDA:79,0,0,-
BRDA:79,0,1,-
BRDA:81,0,0,-
BRDA:81,0,1,-
BRDA:83,0,0,-
BRDA:83,0,1,-
BRDA:84,0,0,-
BRDA:84,0,1,-
BRDA:87,0,0,-
BRDA:87,0,1,-
BRDA:87,0,2,-
BRDA:87,0,3,-
BRDA:92,0,0,-
BRDA:92,0,1,-
BRDA:95,0,0,-
BRDA:95,0,1,-
BRDA:96,0,0,0
BRDA:96,0,1,0
BRDA:96,0,2,0
BRDA:96,0,3,0
BRDA:99,0,0,-
BRDA:99,0,1,-
BRDA:100,0,0,-
BRDA:100,0,1,-
BRDA:113,0,0,-
BRDA:113,0,1,-
BRDA:114,0,0,-
BRDA:114,0,1,-
BRDA:117,0,0,-
BRDA:117,0,1,-
BRDA:118,0,0,-
BRDA:118,0,1,-
BRDA:123,0,0,-
BRDA:123,0,1,-
BRDA:124,0,0,-
BRDA:124,0,1,-
BRDA:126,0,0,-
BRDA:126,0,1,-
BRDA:130,0,0,-
BRDA:130,0,1,-
BRDA:135,0,0,-
BRDA:135,0,1,-
BRDA:147,0,0,-
BRDA:147,0,1,-
BRDA:148,0,0,-
BRDA:148,0,1,-
BRDA:151,0,0,-
BRDA:151,0,1,-
BRDA:154,0,0,-
BRDA:154,0,1,-
BRDA:155,0,0,-
BRDA:155,0,1,-
BRDA:156,0,0,-
BRDA:156,0,1,-
BRDA:160,0,0,-
BRDA:160,0,1,-
BRDA:171,0,0,-
BRDA:171,0,1,-
BRDA:172,0,0,-
BRDA:172,0,1,-
BRDA:173,0,0,-
BRDA:173,0,1,-
BRDA:175,0,0,-
BRDA:175,0,1,-
BRDA:178,0,0,-
BRDA:178,0,1,-
BRDA:178,0,2,-
BRDA:178,0,3,-
BRDA:179,0,0,-
BRDA:179,0,1,-
BRDA:182,0,0,-
BRDA:182,0,1,-
BRDA:183,0,0,-
BRDA:183,0,1,-
BRDA:185,0,0,-
BRDA:185,0,1,-
BRDA:185,0,2,-
BRDA:185,0,3,-
BRDA:190,0,0,-
BRDA:190,0,1,-
BRDA:191,0,0,-
BRDA:191,0,1,-
BRDA:192,0,0,0
BRDA:192,0,1,0
BRDA:192,0,2,0
BRDA:192,0,3,0
BRDA:197,0,0,-
BRDA:197,0,1,-
BRDA:203,0,0,-
BRDA:203,0,1,-
BRDA:204,0,0,-
BRDA:204,0,1,-
BRDA:215,0,0,-
BRDA:215,0,1,-
BRDA:224,0,0,-
BRDA:224,0,1,-
BRDA:225,0,0,-
BRDA:225,0,1,-
BRDA:233,0,0,-
BRDA:233,0,1,-
BRDA:234,0,0,-
BRDA:234,0,1,-
BRDA:235,0,0,-
BRDA:235,0,1,-
BRDA:242,0,0,-
BRDA:242,0,1,-
BRDA:243,0,0,-
BRDA:243,0,1,-
BRDA:246,0,0,-
BRDA:246,0,1,-
BRDA:247,0,0,-
BRDA:247,0,1,-
BRDA:248,0,0,-
BRDA:248,0,1,-
BRDA:248,0,2,-
BRDA:248,0,3,-
BRDA:251,0,0,-
BRDA:251,0,1,-
BRDA:251,0,2,-
BRDA:251,0,3,-
BRDA:251,0,4,-
BRDA:251,0,5,-
BRDA:255,0,0,-
BRDA:255,0,1,-
BRDA:261,0,0,-
BRDA:261,0,1,-
BRDA:261,0,2,-
BRDA:263,0,0,-
BRDA:263,0,1,-
BRDA:265,0,0,-
BRDA:265,0,1,-
BRDA:266,0,0,-
BRDA:266,0,1,-
BRDA:268,0,0,-
BRDA:268,0,1,-
BRDA:269,0,0,-
BRDA:269,0,1,-
BRDA:269,0,2,-
BRDA:278,0,0,-
BRDA:278,0,1,-
BRDA:278,0,2,-
BRDA:278,0,3,-
BRDA:280,0,0,-
BRDA:280,0,1,-
BRDA:280,0,2,-
BRDA:280,0,3,-
BRDA:283,0,0,-
BRDA:283,0,1,-
BRDA:288,0,0,-
BRDA:288,0,1,-
BRDA:289,0,0,-
BRDA:289,0,1,-
BRDA:289,0,2,-
BRDA:289,0,3,-
BRDA:290,0,0,-
BRDA:290,0,1,-
BRDA:292,0,0,-
BRDA:292,0,1,-
BRDA:294,0,0,-
BRDA:294,0,1,-
BRDA:295,0,0,-
BRDA:295,0,1,-
BRDA:297,0,0,-
BRDA:297,0,1,-
BRDA:297,0,2,-
BRDA:297,0,3,-
BRDA:297,0,4,-
BRDA:297,0,5,-
BRDA:297,0,6,-
BRDA:297,0,7,-
BRDA:297,0,8,-
BRDA:297,0,9,-
BRDA:298,0,0,-
BRDA:298,0,1,-
BRDA:298,0,2,-
BRDA:298,0,3,-
BRDA:302,0,0,-
BRDA:302,0,1,-
BRDA:302,0,2,-
BRDA:302,0,3,-
BRDA:302,0,4,-
BRDA:302,0,5,-
BRDA:303,0,0,-
BRDA:303,0,1,-
BRDA:303,0,2,-
BRDA:303,0,3,-
BRDA:306,0,0,-
BRDA:306,0,1,-
BRDA:309,0,0,-
BRDA:309,0,1,-
BRDA:310,0,0,0
BRDA:310,0,1,0
BRDA:310,0,2,0
BRDA:310,0,3,0
BRDA:318,0,0,-
BRDA:318,0,1,-
BRDA:323,0,0,-
BRDA:323,0,1,-
BRDA:327,0,0,-
BRDA:327,0,1,-
BRDA:328,0,0,-
BRDA:328,0,1,-
BRDA:331,0,0,-
BRDA:331,0,1,-
BRDA:340,0,0,-
BRDA:340,0,1,-
BRDA:344,0,0,-
BRDA:344,0,1,-
BRDA:349,0,0,-
BRDA:349,0,1,-
BRDA:349,0,2,-
BRDA:349,0,3,-
BRDA:349,0,4,-
BRDA:349,0,5,-
BRDA:350,0,0,-
BRDA:350,0,1,-
BRDA:352,0,0,-
BRDA:352,0,1,-
BRDA:359,0,0,-
BRDA:359,0,1,-
BRDA:362,0,0,-
BRDA:362,0,1,-
BRDA:363,0,0,-
BRDA:363,0,1,-
BRDA:367,0,0,-
BRDA:367,0,1,-
BRDA:373,0,0,-
BRDA:373,0,1,-
BRDA:374,0,0,-
BRDA:374,0,1,-
BRDA:379,0,0,-
BRDA:379,0,1,-
BRDA:380,0,0,-
BRDA:380,0,1,-
BRDA:385,0,0,-
BRDA:385,0,1,-
BRDA:386,0,0,-
BRDA:386,0,1,-
BRDA:393,0,0,-
BRDA:393,0,1,-
BRDA:394,0,0,-
BRDA:394,0,1,-
BRDA:397,0,0,-
BRDA:397,0,1,-
BRDA:400,0,0,-
BRDA:400,0,1,-
BRDA:401,0,0,-
BRDA:401,0,1,-
BRDA:408,0,0,-
BRDA:408,0,1,-
BRDA:409,0,0,-
BRDA:409,0,1,-
BRDA:410,0,0,-
BRDA:410,0,1,-
BRDA:415,0,0,-
BRDA:415,0,1,-
BRDA:415,0,2,-
BRDA:415,0,3,-
BRDA:420,0,0,-
BRDA:420,0,1,-
BRDA:421,0,0,-
BRDA:421,0,1,-
BRDA:421,0,2,-
BRDA:421,0,3,-
BRDA:422,0,0,-
BRDA:422,0,1,-
BRDA:425,0,0,-
BRDA:425,0,1,-
BRDA:426,0,0,-
BRDA:426,0,1,-
BRDA:427,0,0,-
BRDA:427,0,1,-
BRDA:429,0,0,-
BRDA:429,0,1,-
BRDA:430,0,0,-
BRDA:430,0,1,-
BRDA:432,0,0,-
BRDA:432,0,1,-
BRDA:432,0,2,-
BRDA:432,0,3,-
BRDA:432,0,4,-
BRDA:432,0,5,-
BRDA:432,0,6,-
BRDA:432,0,7,-
BRDA:432,0,8,-
BRDA:432,0,9,-
BRDA:433,0,0,-
BRDA:433,0,1,-
BRDA:433,0,2,-
BRDA:433,0,3,-
BRDA:435,0,0,-
BRDA:435,0,1,-
BRDA:436,0,0,-
BRDA:436,0,1,-
BRDA:436,0,2,-
BRDA:436,0,3,-
BRDA:441,0,0,-
BRDA:441,0,1,-
BRDA:442,0,0,-
BRDA:442,0,1,-
BRDA:443,0,0,0
BRDA:443,0,1,0
BRDA:443,0,2,0
BRDA:443,0,3,0
BRDA:448,0,0,-
BRDA:448,0,1,-
BRDA:453,0,0,-
BRDA:453,0,1,-
BRDA:455,0,0,-
BRDA:455,0,1,-
BRDA:462,0,0,-
BRDA:462,0,1,-
BRDA:471,0,0,-
BRDA:471,0,1,-
BRDA:473,0,0,-
BRDA:473,0,1,-
BRDA:477,0,0,-
BRDA:477,0,1,-
BRDA:477,0,2,-
BRDA:477,0,3,-
BRDA:482,0,0,-
BRDA:482,0,1,-
BRDA:483,0,0,-
BRDA:483,0,1,-
BRDA:483,0,2,-
BRDA:483,0,3,-
BRDA:483,0,4,-
BRDA:483,0,5,-
BRDA:483,0,6,-
BRDA:483,0,7,-
BRDA:484,0,0,-
BRDA:484,0,1,-
BRDA:492,0,0,-
BRDA:492,0,1,-
BRDA:496,0,0,-
BRDA:496,0,1,-
BRDA:503,0,0,-
BRDA:503,0,1,-
BRDA:507,0,0,-
BRDA:507,0,1,-
BRDA:513,0,0,-
BRDA:513,0,1,-
BRDA:524,0,0,-
BRDA:524,0,1,-
BRDA:526,0,0,-
BRDA:526,0,1,-
BRDA:528,0,0,-
BRDA:528,0,1,-
BRDA:528,0,2,-
BRDA:528,0,3,-
BRDA:545,0,0,-
BRDA:545,0,1,-
BRDA:550,0,0,-
BRDA:550,0,1,-
BRDA:552,0,0,-
BRDA:552,0,1,-
BRDA:562,0,0,-
BRDA:562,0,1,-
BRDA:563,0,0,-
BRDA:563,0,1,-
BRDA:570,0,0,-
BRDA:570,0,1,-
BRDA:571,0,0,-
BRDA:571,0,1,-
BRDA:571,0,2,-
BRDA:571,0,3,-
BRDA:571,0,4,-
BRDA:571,0,5,-
BRDA:571,0,6,-
BRDA:571,0,7,-
BRDA:571,0,8,-
BRDA:571,0,9,-
BRDA:572,0,0,-
BRDA:572,0,1,-
BRDA:572,0,2,-
BRDA:572,0,3,-
BRDA:579,0,0,-
BRDA:579,0,1,-
BRDA:580,0,0,-
BRDA:580,0,1,-
BRDA:580,0,2,-
BRDA:580,0,3,-
BRDA:580,0,4,-
BRDA:580,0,5,-
BRDA:580,0,6,-
BRDA:580,0,7,-
BRDA:580,0,8,-
BRDA:580,0,9,-
BRDA:581,0,0,-
BRDA:581,0,1,-
BRDA:581,0,2,-
BRDA:581,0,3,-
BRDA:588,0,0,-
BRDA:588,0,1,-
BRDA:589,0,0,-
BRDA:589,0,1,-
BRDA:589,0,2,-
BRDA:589,0,3,-
BRDA:589,0,4,-
BRDA:589,0,5,-
BRDA:589,0,6,-
BRDA:589,0,7,-
BRDA:589,0,8,-
BRDA:589,0,9,-
BRDA:590,0,0,-
BRDA:590,0,1,-
BRDA:590,0,2,-
BRDA:590,0,3,-
BRDA:597,0,0,-
BRDA:597,0,1,-
BRDA:598,0,0,-
BRDA:598,0,1,-
BRDA:598,0,2,-
BRDA:598,0,3,-
BRDA:598,0,4,-
BRDA:598,0,5,-
BRDA:598,0,6,-
BRDA:598,0,7,-
BRDA:598,0,8,-
BRDA:598,0,9,-
BRDA:599,0,0,-
BRDA:599,0,1,-
BRDA:599,0,2,-
BRDA:599,0,3,-
BRDA:605,0,0,-
BRDA:605,0,1,-
BRDA:606,0,0,-
BRDA:606,0,1,-
BRDA:617,0,0,-
BRDA:617,0,1,-
BRDA:625,0,0,-
BRDA:625,0,1,-
BRDA:631,0,0,-
BRDA:631,0,1,-
BRDA:635,0,0,-
BRDA:635,0,1,-
BRDA:636,0,0,-
BRDA:636,0,1,-
BRDA:637,0,0,-
BRDA:637,0,1,-
BRDA:637,0,2,-
BRDA:637,0,3,-
BRDA:640,0,0,-
BRDA:640,0,1,-
BRDA:640,0,2,-
BRDA:640,0,3,-
BRDA:640,0,4,-
BRDA:640,0,5,-
BRDA:644,0,0,-
BRDA:644,0,1,-
BRDA:650,0,0,-
BRDA:650,0,1,-
BRDA:650,0,2,-
BRDA:652,0,0,-
BRDA:652,0,1,-
BRDA:653,0,0,-
BRDA:653,0,1,-
BRDA:653,0,2,-
BRDA:665,0,0,-
BRDA:665,0,1,-
BRDA:667,0,0,-
BRDA:667,0,1,-
BRDA:672,0,0,-
BRDA:672,0,1,-
BRDA:673,0,0,-
BRDA:673,0,1,-
BRDA:676,0,0,-
BRDA:676,0,1,-
BRDA:683,0,0,-
BRDA:683,0,1,-
BRDA:695,0,0,-
BRDA:695,0,1,-
BRDA:695,0,2,-
BRDA:695,0,3,-
BRDA:697,0,0,-
BRDA:697,0,1,-
BRDA:698,0,0,-
BRDA:698,0,1,-
BRDA:707,0,0,-
BRDA:707,0,1,-
BRDA:707,0,2,-
BRDA:707,0,3,-
BRDA:707,0,4,-
BRDA:707,0,5,-
BRDA:719,0,0,-
BRDA:719,0,1,-
BRDA:723,0,0,-
BRDA:723,0,1,-
BRDA:732,0,0,-
BRDA:732,0,1,-
BRDA:736,0,0,-
BRDA:736,0,1,-
BRDA:740,0,0,-
BRDA:740,0,1,-
BRDA:741,0,0,-
BRDA:741,0,1,-
BRDA:754,0,0,-
BRDA:754,0,1,-
BRDA:758,0,0,-
BRDA:758,0,1,-
BRDA:758,0,2,-
BRDA:758,0,3,-
BRDA:758,0,4,-
BRDA:758,0,5,-
BRDA:761,0,0,-
BRDA:761,0,1,-
BRDA:762,0,0,-
BRDA:762,0,1,-
BRDA:762,0,2,-
BRDA:762,0,3,-
BRDA:763,0,0,-
BRDA:763,0,1,-
BRDA:774,0,0,-
BRDA:774,0,1,-
BRDA:787,0,0,-
BRDA:787,0,1,-
BRDA:792,0,0,-
BRDA:792,0,1,-
BRDA:798,0,0,-
BRDA:798,0,1,-
BRDA:800,0,0,-
BRDA:800,0,1,-
BRDA:806,0,0,-
BRDA:806,0,1,-
BRDA:807,0,0,-
BRDA:807,0,1,-
BRDA:809,0,0,-
BRDA:809,0,1,-
BRDA:811,0,0,-
BRDA:811,0,1,-
BRDA:812,0,0,-
BRDA:812,0,1,-
BRDA:817,0,0,-
BRDA:817,0,1,-
BRDA:818,0,0,-
BRDA:818,0,1,-
BRDA:821,0,0,-
BRDA:821,0,1,-
BRDA:823,0,0,-
BRDA:823,0,1,-
BRDA:824,0,0,-
BRDA:824,0,1,-
BRDA:836,0,0,-
BRDA:836,0,1,-
BRDA:837,0,0,-
BRDA:837,0,1,-
BRDA:838,0,0,-
BRDA:838,0,1,-
BRDA:838,0,2,-
BRDA:838,0,3,-
BRDA:839,0,0,-
BRDA:839,0,1,-
BRDA:841,0,0,-
BRDA:841,0,1,-
BRDA:842,0,0,-
BRDA:842,0,1,-
BRDA:845,0,0,-
BRDA:845,0,1,-
BRDA:853,0,0,-
BRDA:853,0,1,-
BRDA:855,0,0,-
BRDA:855,0,1,-
BRDA:856,0,0,0
BRDA:856,0,1,0
BRDA:858,0,0,0
BRDA:858,0,1,0
BRDA:858,0,2,0
BRDA:858,0,3,0
BRDA:858,0,4,0
BRDA:858,0,5,0
BRF:620
BRH:0
DA:13,0
DA:14,0
DA:15,0
DA:16,0
DA:18,0
DA:19,0
DA:20,0
DA:22,0
DA:23,0
DA:24,0
DA:25,0
DA:27,0
DA:29,0
DA:30,0
DA:31,0
DA:33,0
DA:34,0
DA:35,0
DA:38,0
DA:39,0
DA:41,0
DA:42,0
DA:43,0
DA:46,0
DA:47,0
DA:48,0
DA:51,0
DA:52,0
DA:55,0
DA:56,0
DA:59,0
DA:60,0
DA:61,0
DA:63,0
DA:64,0
DA:65,0
DA:67,0
DA:68,0
DA:71,0
DA:72,0
DA:73,0
DA:75,0
DA:78,0
DA:79,0
DA:81,0
DA:83,0
DA:84,0
DA:87,0
DA:88,0
DA:89,0
DA:90,0
DA:92,0
DA:95,0
DA:96,0
DA:97,0
DA:99,0
DA:100,0
DA:104,0
DA:106,0
DA:113,0
DA:114,0
DA:116,0
DA:117,0
DA:118,0
DA:119,0
DA:120,0
DA:123,0
DA:124,0
DA:126,0
DA:127,0
DA:130,0
DA:131,0
DA:132,0
DA:135,0
DA:136,0
DA:137,0
DA:139,0
DA:146,0
DA:147,0
DA:148,0
DA:149,0
DA:150,0
DA:151,0
DA:154,0
DA:155,0
DA:156,0
DA:157,0
DA:160,0
DA:161,0
DA:162,0
DA:163,0
DA:165,0
DA:171,0
DA:172,0
DA:173,0
DA:175,0
DA:178,0
DA:179,0
DA:182,0
DA:183,0
DA:185,0
DA:186,0
DA:187,0
DA:188,0
DA:190,0
DA:191,0
DA:192,0
DA:193,0
DA:196,0
DA:197,0
DA:198,0
DA:199,0
DA:201,0
DA:203,0
DA:204,0
DA:205,0
DA:207,0
DA:211,0
DA:213,0
DA:214,0
DA:215,0
DA:216,0
DA:218,0
DA:219,0
DA:220,0
DA:222,0
DA:223,0
DA:224,0
DA:225,0
DA:227,0
DA:229,0
DA:230,0
DA:231,0
DA:233,0
DA:234,0
DA:235,0
DA:238,0
DA:239,0
DA:241,0
DA:242,0
DA:243,0
DA:246,0
DA:247,0
DA:248,0
DA:251,0
DA:252,0
DA:255,0
DA:256,0
DA:259,0
DA:260,0
DA:261,0
DA:263,0
DA:265,0
DA:266,0
DA:268,0
DA:269,0
DA:270,0
DA:272,0
DA:278,0
DA:279,0
DA:280,0
DA:281,0
DA:283,0
DA:285,0
DA:288,0
DA:289,0
DA:290,0
DA:292,0
DA:294,0
DA:295,0
DA:297,0
DA:298,0
DA:299,0
DA:302,0
DA:303,0
DA:306,0
DA:308,0
DA:309,0
DA:310,0
DA:311,0
DA:313,0
DA:314,0
DA:316,0
DA:318,0
DA:320,0
DA:321,0
DA:323,0
DA:324,0
DA:327,0
DA:328,0
DA:329,0
DA:330,0
DA:331,0
DA:332,0
DA:335,0
DA:336,0
DA:338,0
DA:340,0
DA:343,0
DA:344,0
DA:345,0
DA:349,0
DA:350,0
DA:351,0
DA:352,0
DA:353,0
DA:355,0
DA:358,0
DA:359,0
DA:362,0
DA:363,0
DA:364,0
DA:365,0
DA:366,0
DA:367,0
DA:368,0
DA:370,0
DA:373,0
DA:374,0
DA:375,0
DA:376,0
DA:379,0
DA:380,0
DA:381,0
DA:382,0
DA:385,0
DA:386,0
DA:387,0
DA:389,0
DA:393,0
DA:394,0
DA:395,0
DA:396,0
DA:397,0
DA:400,0
DA:401,0
DA:402,0
DA:403,0
DA:404,0
DA:406,0
DA:408,0
DA:409,0
DA:410,0
DA:411,0
DA:413,0
DA:414,0
DA:415,0
DA:416,0
DA:420,0
DA:421,0
DA:422,0
DA:425,0
DA:426,0
DA:427,0
DA:429,0
DA:430,0
DA:432,0
DA:433,0
DA:435,0
DA:436,0
DA:439,0
DA:441,0
DA:442,0
DA:443,0
DA:444,0
DA:445,0
DA:447,0
DA:448,0
DA:449,0
DA:450,0
DA:452,0
DA:453,0
DA:454,0
DA:455,0
DA:456,0
DA:458,0
DA:459,0
DA:461,0
DA:462,0
DA:463,0
DA:464,0
DA:468,0
DA:470,0
DA:471,0
DA:472,0
DA:473,0
DA:474,0
DA:477,0
DA:480,0
DA:481,0
DA:482,0
DA:483,0
DA:484,0
DA:485,0
DA:487,0
DA:488,0
DA:489,0
DA:491,0
DA:492,0
DA:493,0
DA:495,0
DA:496,0
DA:497,0
DA:499,0
DA:500,0
DA:502,0
DA:503,0
DA:504,0
DA:507,0
DA:508,0
DA:510,0
DA:512,0
DA:513,0
DA:514,0
DA:515,0
DA:517,0
DA:519,0
DA:520,0
DA:523,0
DA:524,0
DA:526,0
DA:528,0
DA:529,0
DA:530,0
DA:534,0
DA:535,0
DA:537,0
DA:538,0
DA:540,0
DA:541,0
DA:544,0
DA:545,0
DA:546,0
DA:549,0
DA:550,0
DA:552,0
DA:556,0
DA:558,0
DA:559,0
DA:561,0
DA:562,0
DA:563,0
DA:564,0
DA:566,0
DA:567,0
DA:568,0
DA:570,0
DA:571,0
DA:572,0
DA:573,0
DA:575,0
DA:576,0
DA:577,0
DA:579,0
DA:580,0
DA:581,0
DA:582,0
DA:584,0
DA:585,0
DA:586,0
DA:588,0
DA:589,0
DA:590,0
DA:591,0
DA:593,0
DA:594,0
DA:595,0
DA:597,0
DA:598,0
DA:599,0
DA:600,0
DA:604,0
DA:605,0
DA:606,0
DA:607,0
DA:609,0
DA:610,0
DA:611,0
DA:613,0
DA:614,0
DA:615,0
DA:617,0
DA:618,0
DA:621,0
DA:622,0
DA:623,0
DA:625,0
DA:626,0
DA:628,0
DA:630,0
DA:631,0
DA:632,0
DA:635,0
DA:636,0
DA:637,0
DA:640,0
DA:641,0
DA:644,0
DA:645,0
DA:648,0
DA:649,0
DA:650,0
DA:652,0
DA:653,0
DA:654,0
DA:656,0
DA:658,0
DA:659,0
DA:660,0
DA:662,0
DA:665,0
DA:667,0
DA:668,0
DA:671,0
DA:672,0
DA:673,0
DA:674,0
DA:676,0
DA:677,0
DA:679,0
DA:680,0
DA:682,0
DA:683,0
DA:684,0
DA:685,0
DA:689,0
DA:691,0
DA:692,0
DA:693,0
DA:694,0
DA:695,0
DA:697,0
DA:698,0
DA:700,0
DA:702,0
DA:703,0
DA:704,0
DA:706,0
DA:707,0
DA:708,0
DA:709,0
DA:712,0
DA:713,0
DA:716,0
DA:717,0
DA:719,0
DA:720,0
DA:723,0
DA:724,0
DA:726,0
DA:728,0
DA:729,0
DA:730,0
DA:732,0
DA:733,0
DA:734,0
DA:736,0
DA:737,0
DA:738,0
DA:740,0
DA:741,0
DA:745,0
DA:746,0
DA:749,0
DA:750,0
DA:753,0
DA:754,0
DA:755,0
DA:758,0
DA:759,0
DA:761,0
DA:762,0
DA:763,0
DA:765,0
DA:767,0
DA:768,0
DA:771,0
DA:772,0
DA:774,0
DA:775,0
DA:777,0
DA:781,0
DA:782,0
DA:783,0
DA:785,0
DA:786,0
DA:787,0
DA:788,0
DA:790,0
DA:791,0
DA:792,0
DA:793,0
DA:795,0
DA:797,0
DA:798,0
DA:799,0
DA:800,0
DA:802,0
DA:804,0
DA:806,0
DA:807,0
DA:808,0
DA:809,0
DA:811,0
DA:812,0
DA:813,0
DA:815,0
DA:817,0
DA:818,0
DA:819,0
DA:820,0
DA:821,0
DA:823,0
DA:824,0
DA:825,0
DA:827,0
DA:828,0
DA:829,0
DA:831,0
DA:832,0
DA:833,0
DA:836,0
DA:837,0
DA:838,0
DA:839,0
DA:841,0
DA:842,0
DA:843,0
DA:845,0
DA:848,0
DA:851,0
DA:853,0
DA:855,0
DA:856,0
DA:858,0
DA:859,0
DA:861,0
LF:537
LH:0
end_of_record
TN:
SF:/home/xucong/caicAD/01datainfra/Aurora/aurora-edge-runtime/src/common/async_io.h
FN:32,_ZN6aurora5async6ResultImEC2Ev
FN:32,_ZN6aurora5async6ResultISt6vectorIcSaIcEEEC2Ev
FN:33,_ZN6aurora5async6ResultISt6vectorIcSaIcEEEC2ES4_
FN:33,_ZN6aurora5async6ResultImEC2Em
FN:34,_ZN6aurora5async6ResultISt6vectorIcSaIcEEEC2ENSt7__cxx1112basic_stringIcSt11char_traitsIcES3_EE
FN:34,_ZN6aurora5async6ResultImEC2ENSt7__cxx1112basic_stringIcSt11char_traitsIcESaIcEEE
FN:47,_ZN6aurora5async6ResultIvEC2Eb
FN:49,_ZN6aurora5async6ResultIvE2OkEv
FN:51,_ZNK6aurora5async6ResultIvEcvbEv
FN:239,_ZN6aurora5async11AsyncLogger9LogBufferC2Em
FNDA:0,_ZN6aurora5async6ResultISt6vectorIcSaIcEEEC2Ev
FNDA:0,_ZN6aurora5async11AsyncLogger9LogBufferC2Em
FNDA:0,_ZN6aurora5async6ResultImEC2ENSt7__cxx1112basic_stringIcSt11char_traitsIcESaIcEEE
FNDA:0,_ZN6aurora5async6ResultImEC2Ev
FNDA:0,_ZN6aurora5async6ResultIvEC2Eb
FNDA:0,_ZN6aurora5async6ResultImEC2Em
FNDA:0,_ZNK6aurora5async6ResultIvEcvbEv
FNDA:0,_ZN6aurora5async6ResultIvE2OkEv
FNDA:0,_ZN6aurora5async6ResultISt6vectorIcSaIcEEEC2ENSt7__cxx1112basic_stringIcSt11char_traitsIcES3_EE
FNDA:0,_ZN6aurora5async6ResultISt6vectorIcSaIcEEEC2ES4_
FNF:10
FNH:0
BRDA:239,0,0,-
BRDA:239,0,1,-
BRF:2
BRH:0
DA:32,0
DA:33,0
DA:34,0
DA:47,0
DA:49,0
DA:51,0
DA:239,0
LF:7
LH:0
end_of_record
TN:
SF:/home/xucong/caicAD/01datainfra/Aurora/aurora-edge-runtime/src/common/audit/audit_logger.h
FN:34,_ZN6aurora6common5audit22auditEventTypeToStringENS1_14AuditEventTypeE
FN:51,_ZN6aurora6common5audit11AuditLogger8instanceEv
FN:65,_ZN6aurora6common5audit11AuditLogger3logENS1_14AuditEventTypeEPKcRKNSt7__cxx1112basic_stringIcSt11char_traitsIcESaIcEEE
FN:90,_ZNK6aurora6common5audit11AuditLogger9isEnabledEv
FN:93,_ZN6aurora6common5audit11AuditLoggerC2Ev
FNDA:0,_ZN6aurora6common5audit22auditEventTypeToStringENS1_14AuditEventTypeE
FNDA:2,_ZN6aurora6common5audit11AuditLoggerC2Ev
FNDA:32,_ZN6aurora6common5audit11AuditLogger8instanceEv
FNDA:0,_ZN6aurora6common5audit11AuditLogger3logENS1_14AuditEventTypeEPKcRKNSt7__cxx1112basic_stringIcSt11char_traitsIcESaIcEEE
FNDA:32,_ZNK6aurora6common5audit11AuditLogger9isEnabledEv
FNF:5
FNH:3
BRDA:35,0,0,-
BRDA:35,0,1,-
BRDA:35,0,2,-
BRDA:35,0,3,-
BRDA:35,0,4,-
BRDA:35,0,5,-
BRDA:35,0,6,-
BRDA:35,0,7,-
BRDA:35,0,8,-
BRDA:35,0,9,-
BRDA:52,0,0,2
BRDA:52,0,1,30
BRDA:52,0,2,2
BRDA:52,0,3,0
BRDA:52,0,4,2
BRDA:52,0,5,0
BRDA:52,0,6,0
BRDA:52,0,7,0
BRDA:66,0,0,-
BRDA:66,0,1,-
BRDA:67,0,0,-
BRDA:67,0,1,-
BRDA:70,0,0,-
BRDA:70,0,1,-
BRDA:72,0,0,-
BRDA:72,0,1,-
BRDA:72,0,2,-
BRDA:72,0,3,-
BRDA:75,0,0,-
BRDA:75,0,1,-
BRDA:75,0,2,-
BRDA:75,0,3,-
BRDA:75,0,4,-
BRDA:75,0,5,-
BRDA:75,0,6,-
BRDA:75,0,7,-
BRDA:75,0,8,-
BRDA:75,0,9,-
BRDA:75,0,10,-
BRDA:75,0,11,-
BRDA:75,0,12,-
BRDA:75,0,13,-
BRDA:75,0,14,-
BRDA:75,0,15,-
BRDA:75,0,16,-
BRDA:75,0,17,-
BRDA:75,0,18,-
BRDA:75,0,19,-
BRDA:75,0,20,-
BRDA:75,0,21,-
BRDA:75,0,22,-
BRDA:75,0,23,-
BRDA:77,0,0,-
BRDA:77,0,1,-
BRDA:78,0,0,-
BRDA:78,0,1,-
BRDA:78,0,2,-
BRDA:78,0,3,-
BRDA:78,0,4,-
BRDA:78,0,5,-
BRDA:82,0,0,-
BRDA:82,0,1,-
BRDA:82,0,2,-
BRDA:82,0,3,-
BRDA:82,0,4,-
BRDA:82,0,5,-
BRDA:85,0,0,-
BRDA:85,0,1,-
BRDA:85,0,2,-
BRDA:85,0,3,-
BRDA:86,0,0,-
BRDA:86,0,1,-
BRF:72
BRH:4
DA:34,0
DA:35,0
DA:36,0
DA:37,0
DA:38,0
DA:39,0
DA:40,0
DA:41,0
DA:42,0
DA:43,0
DA:44,0
DA:45,0
DA:51,32
DA:52,32
DA:53,32
DA:65,0
DA:66,0
DA:67,0
DA:69,0
DA:70,0
DA:72,0
DA:73,0
DA:75,0
DA:77,0
DA:78,0
DA:82,0
DA:85,0
DA:86,0
DA:88,0
DA:90,32
DA:93,2
LF:31
LH:5
end_of_record
TN:
SF:/home/xucong/caicAD/01datainfra/Aurora/aurora-edge-runtime/src/common/error_handler.h
FN:66,_ZN6aurora6common12ErrorHandler8instanceEv
FN:74,_ZN6aurora6common12ErrorHandler5retryIZN49ErrorHandlerTest_RetrySucceedsOnFirstAttempt_Test8TestBodyEvEUlvE_EEDTclfp1_EEPKcRKNS0_11RetryPolicyEOT_
FN:74,_ZN6aurora6common12ErrorHandler5retryIZN42ErrorHandlerTest_RetryExhaustedThrows_Test8TestBodyEvEUlvE_EEDTclfp1_EEPKcRKNS0_11RetryPolicyEOT_
FN:74,_ZN6aurora6common12ErrorHandler5retryIZN48ErrorHandlerTest_RetrySucceedsAfterFailures_Test8TestBodyEvEUlvE_EEDTclfp1_EEPKcRKNS0_11RetryPolicyEOT_
FN:103,_ZN6aurora6common12ErrorHandler12withFallbackIZN48ErrorHandlerTest_FallbackNotCalledOnSuccess_Test8TestBodyEvEUlvE_ZNS3_8TestBodyEvEUlvE0_EEDTclfp1_EEPKcRKNS0_13DegradePolicyEOT_OT0_
FN:103,_ZN6aurora6common12ErrorHandler12withFallbackIZN50ErrorHandlerTest_FallbackCalledAfterThreshold_Test8TestBodyEvEUlvE_ZNS3_8TestBodyEvEUlvE0_EEDTclfp1_EEPKcRKNS0_13DegradePolicyEOT_OT0_
FN:134,_ZN6aurora6common12ErrorHandler13diskSafeWriteIZN44ErrorHandlerTest_DiskSafeWriteException_Test8TestBodyEvEUlvE_EEbPKcOT_
FN:134,_ZN6aurora6common12ErrorHandler13diskSafeWriteIZN42ErrorHandlerTest_DiskSafeWriteSuccess_Test8TestBodyEvEUlvE_EEbPKcOT_
FN:149,_ZN6aurora6common12ErrorHandler13validateRangeEPKcdddd
FN:166,_ZN6aurora6common12ErrorHandler16validateNotEmptyEPKcRKNSt7__cxx1112basic_stringIcSt11char_traitsIcESaIcEEESB_
FN:177,_ZN6aurora6common12ErrorHandler13resetFailuresEv
FNDA:1,_ZN6aurora6common12ErrorHandler13diskSafeWriteIZN44ErrorHandlerTest_DiskSafeWriteException_Test8TestBodyEvEUlvE_EEbPKcOT_
FNDA:13,_ZN6aurora6common12ErrorHandler13resetFailuresEv
FNDA:1,_ZN6aurora6common12ErrorHandler12withFallbackIZN48ErrorHandlerTest_FallbackNotCalledOnSuccess_Test8TestBodyEvEUlvE_ZNS3_8TestBodyEvEUlvE0_EEDTclfp1_EEPKcRKNS0_13DegradePolicyEOT_OT0_
FNDA:1,_ZN6aurora6common12ErrorHandler12withFallbackIZN50ErrorHandlerTest_FallbackCalledAfterThreshold_Test8TestBodyEvEUlvE_ZNS3_8TestBodyEvEUlvE0_EEDTclfp1_EEPKcRKNS0_13DegradePolicyEOT_OT0_
FNDA:1,_ZN6aurora6common12ErrorHandler5retryIZN49ErrorHandlerTest_RetrySucceedsOnFirstAttempt_Test8TestBodyEvEUlvE_EEDTclfp1_EEPKcRKNS0_11RetryPolicyEOT_
FNDA:1,_ZN6aurora6common12ErrorHandler13diskSafeWriteIZN42ErrorHandlerTest_DiskSafeWriteSuccess_Test8TestBodyEvEUlvE_EEbPKcOT_
FNDA:1,_ZN6aurora6common12ErrorHandler5retryIZN48ErrorHandlerTest_RetrySucceedsAfterFailures_Test8TestBodyEvEUlvE_EEDTclfp1_EEPKcRKNS0_11RetryPolicyEOT_
FNDA:8,_ZN6aurora6common12ErrorHandler13validateRangeEPKcdddd
FNDA:1,_ZN6aurora6common12ErrorHandler5retryIZN42ErrorHandlerTest_RetryExhaustedThrows_Test8TestBodyEvEUlvE_EEDTclfp1_EEPKcRKNS0_11RetryPolicyEOT_
FNDA:20,_ZN6aurora6common12ErrorHandler8instanceEv
FNDA:2,_ZN6aurora6common12ErrorHandler16validateNotEmptyEPKcRKNSt7__cxx1112basic_stringIcSt11char_traitsIcESaIcEEESB_
FNF:11
FNH:11
BRDA:80,0,0,7
BRDA:80,0,1,0
BRDA:82,0,0,1
BRDA:82,0,1,5
BRDA:83,0,0,0
BRDA:83,0,1,5
BRDA:84,0,0,4
BRDA:84,0,1,1
BRDA:85,0,0,4
BRDA:85,0,1,0
BRDA:85,0,2,4
BRDA:85,0,3,0
BRDA:87,0,0,4
BRDA:87,0,1,0
BRDA:91,0,0,1
BRDA:91,0,1,0
BRDA:91,0,2,1
BRDA:91,0,3,0
BRDA:98,0,0,-
BRDA:98,0,1,-
BRDA:98,0,2,-
BRDA:98,0,3,-
BRDA:98,0,4,-
BRDA:98,0,5,-
BRDA:111,0,0,0
BRDA:111,0,1,1
BRDA:114,0,0,0
BRDA:114,0,1,1
BRDA:115,0,0,1
BRDA:115,0,1,0
BRDA:115,0,2,1
BRDA:115,0,3,0
BRDA:118,0,0,1
BRDA:118,0,1,0
BRDA:118,0,2,1
BRDA:118,0,3,0
BRDA:119,0,0,1
BRDA:119,0,1,0
BRDA:119,0,2,1
BRDA:119,0,3,0
BRDA:136,0,0,0
BRDA:136,0,1,1
BRDA:137,0,0,0
BRDA:137,0,1,0
BRDA:137,0,2,1
BRDA:138,0,0,0
BRDA:138,0,1,0
BRDA:138,0,2,0
BRDA:138,0,3,0
BRDA:141,0,0,1
BRDA:141,0,1,0
BRDA:141,0,2,1
BRDA:141,0,3,0
BRDA:152,0,0,7
BRDA:152,0,1,1
BRDA:152,0,2,2
BRDA:152,0,3,5
BRDA:152,0,4,3
BRDA:152,0,5,5
BRDA:153,0,0,3
BRDA:153,0,1,0
BRDA:157,0,0,4
BRDA:157,0,1,1
BRDA:157,0,2,1
BRDA:157,0,3,3
BRDA:158,0,0,2
BRDA:158,0,1,0
BRDA:168,0,0,1
BRDA:168,0,1,1
BRDA:169,0,0,1
BRDA:169,0,1,0
BRF:71
BRH:38
DA:66,20
DA:68,20
DA:74,3
DA:78,3
DA:80,7
DA:82,7
DA:83,10
DA:84,5
DA:85,4
DA:87,4
DA:88,4
DA:89,4
DA:91,1
DA:93,1
DA:98,0
DA:103,2
DA:108,2
DA:111,2
DA:112,1
DA:113,1
DA:114,2
DA:115,1
DA:118,1
DA:119,1
DA:122,1
DA:128,0
DA:134,2
DA:136,2
DA:137,1
DA:138,0
DA:139,0
DA:140,1
DA:141,1
DA:142,1
DA:149,8
DA:152,8
DA:153,3
DA:155,3
DA:157,5
DA:158,2
DA:160,2
DA:162,3
DA:166,2
DA:168,2
DA:169,1
DA:171,1
DA:173,1
DA:177,13
LF:48
LH:44
end_of_record
TN:
SF:/home/xucong/caicAD/01datainfra/Aurora/aurora-edge-runtime/src/common/memory_monitor.h
FN:42,_ZN6aurora7monitor13MemoryMonitorC2Em
FN:56,_ZN6aurora7monitor13MemoryMonitor8allocateERKNSt7__cxx1112basic_stringIcSt11char_traitsIcESaIcEEEm
FN:83,_ZN6aurora7monitor13MemoryMonitor10deallocateERKNSt7__cxx1112basic_stringIcSt11char_traitsIcESaIcEEEm
FN:107,_ZNK6aurora7monitor13MemoryMonitor17getCurrentUsageMBEv
FN:121,_ZNK6aurora7monitor13MemoryMonitor13getUsageRatioEv
FN:128,_ZNK6aurora7monitor13MemoryMonitor14getMaxMemoryMBEv
FN:152,_ZNK6aurora7monitor13MemoryMonitor16printUsageReportEv
FN:165,_ZZNK6aurora7monitor13MemoryMonitor16printUsageReportEvENKUlRKT_RKT0_E_clISt4pairINSt7__cxx1112basic_stringIcSt11char_traitsIcESaIcEEEmESH_EEDaS4_S7_
FN:188,_ZN6aurora7monitor13MemoryMonitor5resetEv
FN:224,_ZNK6aurora7monitor13MemoryMonitor11isHighUsageEv
FNDA:0,_ZN6aurora7monitor13MemoryMonitor5resetEv
FNDA:0,_ZZNK6aurora7monitor13MemoryMonitor16printUsageReportEvENKUlRKT_RKT0_E_clISt4pairINSt7__cxx1112basic_stringIcSt11char_traitsIcESaIcEEEmESH_EEDaS4_S7_
FNDA:0,_ZNK6aurora7monitor13MemoryMonitor11isHighUsageEv
FNDA:0,_ZNK6aurora7monitor13MemoryMonitor16printUsageReportEv
FNDA:0,_ZNK6aurora7monitor13MemoryMonitor14getMaxMemoryMBEv
FNDA:0,_ZN6aurora7monitor13MemoryMonitor8allocateERKNSt7__cxx1112basic_stringIcSt11char_traitsIcESaIcEEEm
FNDA:0,_ZNK6aurora7monitor13MemoryMonitor17getCurrentUsageMBEv
FNDA:0,_ZN6aurora7monitor13MemoryMonitorC2Em
FNDA:0,_ZNK6aurora7monitor13MemoryMonitor13getUsageRatioEv
FNDA:0,_ZN6aurora7monitor13MemoryMonitor10deallocateERKNSt7__cxx1112basic_stringIcSt11char_traitsIcESaIcEEEm
FNF:10
FNH:0
BRDA:57,0,0,-
BRDA:57,0,1,-
BRDA:60,0,0,-
BRDA:60,0,1,-
BRDA:61,0,0,-
BRDA:61,0,1,-
BRDA:61,0,2,-
BRDA:61,0,3,-
BRDA:69,0,0,-
BRDA:69,0,1,-
BRDA:71,0,0,-
BRDA:71,0,1,-
BRDA:71,0,2,-
BRDA:71,0,3,-
BRDA:84,0,0,-
BRDA:84,0,1,-
BRDA:87,0,0,-
BRDA:87,0,1,-
BRDA:89,0,0,-
BRDA:89,0,1,-
BRDA:92,0,0,-
BRDA:92,0,1,-
BRDA:92,0,2,-
BRDA:92,0,3,-
BRDA:153,0,0,-
BRDA:153,0,1,-
BRDA:155,0,0,-
BRDA:155,0,1,-
BRDA:155,0,2,-
BRDA:155,0,3,-
BRDA:156,0,0,-
BRDA:156,0,1,-
BRDA:156,0,2,-
BRDA:156,0,3,-
BRDA:161,0,0,-
BRDA:161,0,1,-
BRDA:162,0,0,-
BRDA:162,0,1,-
BRDA:164,0,0,-
BRDA:164,0,1,-
BRDA:170,0,0,-
BRDA:170,0,1,-
BRDA:171,0,0,-
BRDA:171,0,1,-
BRDA:173,0,0,-
BRDA:173,0,1,-
BRDA:173,0,2,-
BRDA:173,0,3,-
BRDA:178,0,0,-
BRDA:178,0,1,-
BRDA:178,0,2,-
BRDA:178,0,3,-
BRDA:179,0,0,-
BRDA:179,0,1,-
BRDA:179,0,2,-
BRDA:179,0,3,-
BRDA:180,0,0,-
BRDA:180,0,1,-
BRDA:180,0,2,-
BRDA:180,0,3,-
BRDA:181,0,0,-
BRDA:181,0,1,-
BRDA:181,0,2,-
BRDA:181,0,3,-
BRDA:182,0,0,-
BRDA:182,0,1,-
BRDA:182,0,2,-
BRDA:182,0,3,-
BRF:68
BRH:0
DA:42,0
DA:43,0
DA:44,0
DA:45,0
DA:46,0
DA:47,0
DA:56,0
DA:57,0
DA:60,0
DA:61,0
DA:63,0
DA:64,0
DA:68,0
DA:69,0
DA:70,0
DA:71,0
DA:74,0
DA:75,0
DA:83,0
DA:84,0
DA:87,0
DA:88,0
DA:89,0
DA:90,0
DA:92,0
DA:94,0
DA:107,0
DA:108,0
DA:121,0
DA:122,0
DA:128,0
DA:129,0
DA:152,0
DA:153,0
DA:155,0
DA:156,0
DA:160,0
DA:161,0
DA:162,0
DA:164,0
DA:165,0
DA:166,0
DA:170,0
DA:171,0
DA:172,0
DA:173,0
DA:178,0
DA:179,0
DA:180,0
DA:181,0
DA:182,0
DA:183,0
DA:188,0
DA:189,0
DA:190,0
DA:191,0
DA:192,0
DA:224,0
DA:225,0
LF:59
LH:0
end_of_record
TN:
SF:/home/xucong/caicAD/01datainfra/Aurora/aurora-edge-runtime/src/common/memory_pool.h
FN:31,_ZN6aurora6memory10MemoryPoolIfE5BlockC2Ev
FN:38,_ZN6aurora6memory10MemoryPoolIfE5BlockC2EOS3_
FN:71,_ZN6aurora6memory10MemoryPoolIfEC2Emm
FN:123,_ZN6aurora6memory10MemoryPoolIfE7acquireEv
FN:160,_ZN6aurora6memory10MemoryPoolIfE7releaseEPf
FN:302,_ZN6aurora6memory19InferenceBufferPoolC2Emmm
FN:320,_ZN6aurora6memory19InferenceBufferPool14acquireBuffersEv
FN:331,_ZN6aurora6memory19InferenceBufferPool14releaseBuffersERNS1_10BufferPairE
FN:365,_ZN6aurora6memory21ScopedInferenceBufferC2ERNS0_19InferenceBufferPoolE
FN:371,_ZN6aurora6memory21ScopedInferenceBufferD2Ev
FN:405,_ZNK6aurora6memory21ScopedInferenceBuffer5stateEv
FNDA:0,_ZN6aurora6memory19InferenceBufferPoolC2Emmm
FNDA:0,_ZN6aurora6memory10MemoryPoolIfE5BlockC2EOS3_
FNDA:0,_ZN6aurora6memory21ScopedInferenceBufferD2Ev
FNDA:0,_ZN6aurora6memory19InferenceBufferPool14releaseBuffersERNS1_10BufferPairE
FNDA:0,_ZN6aurora6memory19InferenceBufferPool14acquireBuffersEv
FNDA:0,_ZN6aurora6memory10MemoryPoolIfE7acquireEv
FNDA:0,_ZN6aurora6memory21ScopedInferenceBufferC2ERNS0_19InferenceBufferPoolE
FNDA:0,_ZN6aurora6memory10MemoryPoolIfEC2Emm
FNDA:0,_ZNK6aurora6memory21ScopedInferenceBuffer5stateEv
FNDA:0,_ZN6aurora6memory10MemoryPoolIfE7releaseEPf
FNDA:0,_ZN6aurora6memory10MemoryPoolIfE5BlockC2Ev
FNF:11
FNH:0
BRDA:73,0,0,-
BRDA:73,0,1,-
BRDA:74,0,0,-
BRDA:74,0,1,-
BRDA:76,0,0,-
BRDA:76,0,1,-
BRDA:77,0,0,-
BRDA:77,0,1,-
BRDA:79,0,0,-
BRDA:79,0,1,-
BRDA:124,0,0,-
BRDA:124,0,1,-
BRDA:127,0,0,-
BRDA:127,0,1,-
BRDA:129,0,0,-
BRDA:129,0,1,-
BRDA:136,0,0,-
BRDA:136,0,1,-
BRDA:139,0,0,-
BRDA:139,0,1,-
BRDA:142,0,0,-
BRDA:142,0,1,-
BRDA:145,0,0,-
BRDA:145,0,1,-
BRDA:147,0,0,0
BRDA:147,0,1,0
BRDA:152,0,0,-
BRDA:152,0,1,-
BRDA:161,0,0,-
BRDA:161,0,1,-
BRDA:163,0,0,-
BRDA:163,0,1,-
BRDA:166,0,0,-
BRDA:166,0,1,-
BRDA:167,0,0,-
BRDA:167,0,1,-
BRDA:177,0,0,-
BRDA:177,0,1,-
BRDA:304,0,0,-
BRDA:304,0,1,-
BRDA:372,0,0,-
BRDA:372,0,1,-
BRF:42
BRH:0
DA:31,0
DA:38,0
DA:39,0
DA:40,0
DA:41,0
DA:42,0
DA:43,0
DA:44,0
DA:71,0
DA:72,0
DA:73,0
DA:74,0
DA:76,0
DA:77,0
DA:79,0
DA:80,0
DA:123,0
DA:124,0
DA:127,0
DA:128,0
DA:129,0
DA:130,0
DA:131,0
DA:136,0
DA:138,0
DA:139,0
DA:140,0
DA:141,0
DA:142,0
DA:143,0
DA:144,0
DA:145,0
DA:147,0
DA:152,0
DA:153,0
DA:160,0
DA:161,0
DA:163,0
DA:166,0
DA:167,0
DA:168,0
DA:169,0
DA:170,0
DA:177,0
DA:302,0
DA:303,0
DA:304,0
DA:305,0
DA:306,0
DA:320,0
DA:322,0
DA:323,0
DA:325,0
DA:331,0
DA:332,0
DA:333,0
DA:334,0
DA:365,0
DA:366,0
DA:371,0
DA:372,0
DA:373,0
DA:375,0
DA:405,0
LF:64
LH:0
end_of_record
TN:
SF:/home/xucong/caicAD/01datainfra/Aurora/aurora-edge-runtime/src/common/performance_utils.h
FN:35,_ZN6aurora11performance9fastAtan2Eff
FN:71,_ZN6aurora11performance16FastTrigonometryC2Ev
FN:90,_ZNK6aurora11performance16FastTrigonometry14normalizeAngleEd
FN:104,_ZNK6aurora11performance16FastTrigonometry7fastSinEd
FN:118,_ZNK6aurora11performance16FastTrigonometry7fastCosEd
FN:133,_ZNK6aurora11performance16FastTrigonometry10fastSinCosEdRdS2_
FN:142,_ZN6aurora11performance11getFastTrigEv
FN:277,_ZN6aurora11performance14OptimizedLegIKC2Eddd
FN:295,_ZN6aurora11performance14OptimizedLegIK7computeEdddbPd
FN:353,_ZN6aurora11performance18LockFreeRingBufferIdLm16EE4pushERKd
FN:353,_ZN6aurora11performance18LockFreeRingBufferIiLm8EE4pushERKi
FN:353,_ZN6aurora11performance18LockFreeRingBufferI9TestPointLm8EE4pushERKS2_
FN:353,_ZN6aurora11performance18LockFreeRingBufferIiLm16EE4pushERKi
FN:353,_ZN6aurora11performance18LockFreeRingBufferIiLm4EE4pushERKi
FN:353,_ZN6aurora11performance18LockFreeRingBufferIiLm1024EE4pushERKi
FN:353,_ZN6aurora11performance18LockFreeRingBufferINS_9collector9FootprintELm1001EE4pushERKS3_
FN:367,_ZN6aurora11performance18LockFreeRingBufferIiLm1024EE3popERi
FN:367,_ZN6aurora11performance18LockFreeRingBufferIiLm16EE3popERi
FN:367,_ZN6aurora11performance18LockFreeRingBufferIiLm8EE3popERi
FN:367,_ZN6aurora11performance18LockFreeRingBufferIiLm4EE3popERi
FN:367,_ZN6aurora11performance18LockFreeRingBufferINS_9collector9FootprintELm1001EE3popERS3_
FN:367,_ZN6aurora11performance18LockFreeRingBufferI9TestPointLm8EE3popERS2_
FN:367,_ZN6aurora11performance18LockFreeRingBufferIdLm16EE3popERd
FN:381,_ZNK6aurora11performance18LockFreeRingBufferIiLm8EE5emptyEv
FN:386,_ZNK6aurora11performance18LockFreeRingBufferIiLm16EE4sizeEv
FN:386,_ZNK6aurora11performance18LockFreeRingBufferIiLm8EE4sizeEv
FN:500,_ZN6aurora11performance11softmaxSIMDEPKfPfi
FNDA:1,_ZN6aurora11performance18LockFreeRingBufferI9TestPointLm8EE3popERS2_
FNDA:0,_ZN6aurora11performance11softmaxSIMDEPKfPfi
FNDA:3,_ZNK6aurora11performance18LockFreeRingBufferIiLm16EE4sizeEv
FNDA:1,_ZN6aurora11performance18LockFreeRingBufferIdLm16EE3popERd
FNDA:0,_ZNK6aurora11performance16FastTrigonometry7fastCosEd
FNDA:1,_ZNK6aurora11performance18LockFreeRingBufferIiLm8EE4sizeEv
FNDA:0,_ZNK6aurora11performance16FastTrigonometry14normalizeAngleEd
FNDA:0,_ZN6aurora11performance18LockFreeRingBufferINS_9collector9FootprintELm1001EE4pushERKS3_
FNDA:24,_ZN6aurora11performance18LockFreeRingBufferIiLm4EE4pushERKi
FNDA:0,_ZN6aurora11performance18LockFreeRingBufferINS_9collector9FootprintELm1001EE3popERS3_
FNDA:500,_ZN6aurora11performance18LockFreeRingBufferIiLm1024EE4pushERKi
FNDA:1,_ZN6aurora11performance16FastTrigonometryC2Ev
FNDA:0,_ZNK6aurora11performance16FastTrigonometry7fastSinEd
FNDA:2,_ZN6aurora11performance18LockFreeRingBufferIiLm8EE3popERi
FNDA:0,_ZN6aurora11performance9fastAtan2Eff
FNDA:6,_ZN6aurora11performance18LockFreeRingBufferIiLm16EE3popERi
FNDA:20,_ZN6aurora11performance18LockFreeRingBufferIiLm4EE3popERi
FNDA:8,_ZN6aurora11performance18LockFreeRingBufferIiLm16EE4pushERKi
FNDA:1,_ZNK6aurora11performance18LockFreeRingBufferIiLm8EE5emptyEv
FNDA:500,_ZN6aurora11performance18LockFreeRingBufferIiLm1024EE3popERi
FNDA:0,_ZN6aurora11performance14OptimizedLegIKC2Eddd
FNDA:1,_ZN6aurora11performance18LockFreeRingBufferIiLm8EE4pushERKi
FNDA:1,_ZN6aurora11performance18LockFreeRingBufferIdLm16EE4pushERKd
FNDA:0,_ZN6aurora11performance14OptimizedLegIK7computeEdddbPd
FNDA:1,_ZN6aurora11performance18LockFreeRingBufferI9TestPointLm8EE4pushERKS2_
FNDA:1,_ZN6aurora11performance11getFastTrigEv
FNDA:0,_ZNK6aurora11performance16FastTrigonometry10fastSinCosEdRdS2_
FNF:27
FNH:17
BRDA:39,0,0,-
BRDA:39,0,1,-
BRDA:40,0,0,-
BRDA:40,0,1,-
BRDA:50,0,0,-
BRDA:50,0,1,-
BRDA:51,0,0,-
BRDA:51,0,1,-
BRDA:72,0,0,1
BRDA:72,0,1,0
BRDA:73,0,0,1
BRDA:73,0,1,0
BRDA:75,0,0,4096
BRDA:75,0,1,1
BRDA:77,0,0,4096
BRDA:77,0,1,0
BRDA:78,0,0,4096
BRDA:78,0,1,0
BRDA:91,0,0,-
BRDA:91,0,1,-
BRDA:92,0,0,-
BRDA:92,0,1,-
BRDA:143,0,0,1
BRDA:143,0,1,0
BRDA:143,0,2,1
BRDA:143,0,3,0
BRDA:143,0,4,1
BRDA:143,0,5,0
BRDA:143,0,6,0
BRDA:143,0,7,0
BRDA:298,0,0,-
BRDA:298,0,1,-
BRDA:358,0,0,1
BRDA:358,0,1,534
BRDA:371,0,0,1
BRDA:371,0,1,529
BRDA:389,0,0,4
BRDA:389,0,1,0
BRDA:501,0,0,-
BRDA:501,0,1,-
BRDA:567,0,0,-
BRDA:567,0,1,-
BRDA:571,0,0,-
BRDA:571,0,1,-
BRDA:572,0,0,-
BRDA:572,0,1,-
BRF:46
BRH:14
DA:35,0
DA:36,0
DA:37,0
DA:39,0
DA:40,0
DA:43,0
DA:44,0
DA:47,0
DA:48,0
DA:50,0
DA:51,0
DA:52,0
DA:55,0
DA:71,1
DA:72,1
DA:73,1
DA:75,4097
DA:76,4096
DA:77,4096
DA:78,4096
DA:80,1
DA:90,0
DA:91,0
DA:92,0
DA:93,0
DA:104,0
DA:105,0
DA:106,0
DA:107,0
DA:118,0
DA:119,0
DA:120,0
DA:121,0
DA:133,0
DA:134,0
DA:135,0
DA:136,0
DA:137,0
DA:138,0
DA:142,1
DA:143,1
DA:144,1
DA:277,0
DA:278,0
DA:279,0
DA:280,0
DA:281,0
DA:283,0
DA:284,0
DA:285,0
DA:286,0
DA:287,0
DA:295,0
DA:298,0
DA:299,0
DA:300,0
DA:301,0
DA:304,0
DA:305,0
DA:306,0
DA:307,0
DA:310,0
DA:313,0
DA:316,0
DA:317,0
DA:321,0
DA:322,0
DA:323,0
DA:324,0
DA:327,0
DA:328,0
DA:329,0
DA:330,0
DA:331,0
DA:334,0
DA:335,0
DA:336,0
DA:353,535
DA:354,535
DA:355,535
DA:356,535
DA:358,535
DA:359,1
DA:362,534
DA:363,534
DA:364,534
DA:367,530
DA:368,530
DA:369,530
DA:371,530
DA:372,1
DA:375,529
DA:376,529
DA:377,529
DA:378,529
DA:381,1
DA:382,1
DA:383,2
DA:386,4
DA:387,4
DA:388,4
DA:389,4
DA:500,0
DA:501,0
DA:565,0
DA:566,0
DA:567,0
DA:568,0
DA:569,0
DA:571,0
DA:572,0
LF:111
LH:36
end_of_record
TN:
SF:/home/xucong/caicAD/01datainfra/Aurora/aurora-edge-runtime/src/common/platform/platform_adapter.cpp
FN:9,_ZN6aurora8platform15PlatformAdapterC2Ev
FN:27,_ZN6aurora8platform15PlatformAdapter14detectPlatformEv
FN:61,_ZN6aurora8platform15PlatformAdapter17detectSIMDSupportEv
FN:81,_ZN6aurora8platform15PlatformAdapter14detectCpuCoresEv
FN:101,_ZN6aurora8platform15PlatformAdapter12detectMemoryEv
FN:114,_ZN6aurora8platform15PlatformAdapter18detectCpuFrequencyEv
FN:147,_ZNK6aurora8platform15PlatformAdapter9printInfoEv
FNDA:0,_ZN6aurora8platform15PlatformAdapter18detectCpuFrequencyEv
FNDA:0,_ZN6aurora8platform15PlatformAdapter17detectSIMDSupportEv
FNDA:0,_ZN6aurora8platform15PlatformAdapter14detectPlatformEv
FNDA:0,_ZNK6aurora8platform15PlatformAdapter9printInfoEv
FNDA:0,_ZN6aurora8platform15PlatformAdapter14detectCpuCoresEv
FNDA:0,_ZN6aurora8platform15PlatformAdapterC2Ev
FNDA:0,_ZN6aurora8platform15PlatformAdapter12detectMemoryEv
FNF:7
FNH:0
BRDA:29,0,0,-
BRDA:29,0,1,-
BRDA:35,0,0,-
BRDA:35,0,1,-
BRDA:35,0,2,-
BRDA:35,0,3,-
BRDA:35,0,4,-
BRDA:35,0,5,-
BRDA:37,0,0,-
BRDA:37,0,1,-
BRDA:38,0,0,-
BRDA:38,0,1,-
BRDA:38,0,2,-
BRDA:38,0,3,-
BRDA:38,0,4,-
BRDA:38,0,5,-
BRDA:48,0,0,-
BRDA:48,0,1,-
BRDA:49,0,0,-
BRDA:49,0,1,-
BRDA:54,0,0,-
BRDA:54,0,1,-
BRDA:63,0,0,-
BRDA:63,0,1,-
BRDA:66,0,0,-
BRDA:66,0,1,-
BRDA:66,0,2,-
BRDA:66,0,3,-
BRDA:66,0,4,-
BRDA:66,0,5,-
BRDA:67,0,0,-
BRDA:67,0,1,-
BRDA:75,0,0,-
BRDA:75,0,1,-
BRDA:76,0,0,-
BRDA:76,0,1,-
BRDA:86,0,0,-
BRDA:86,0,1,-
BRDA:87,0,0,-
BRDA:87,0,1,-
BRDA:91,0,0,-
BRDA:91,0,1,-
BRDA:91,0,2,-
BRDA:91,0,3,-
BRDA:91,0,4,-
BRDA:91,0,5,-
BRDA:92,0,0,-
BRDA:92,0,1,-
BRDA:102,0,0,-
BRDA:102,0,1,-
BRDA:106,0,0,-
BRDA:106,0,1,-
BRDA:106,0,2,-
BRDA:106,0,3,-
BRDA:106,0,4,-
BRDA:106,0,5,-
BRDA:106,0,6,-
BRDA:106,0,7,-
BRDA:107,0,0,-
BRDA:107,0,1,-
BRDA:116,0,0,-
BRDA:116,0,1,-
BRDA:119,0,0,-
BRDA:119,0,1,-
BRDA:119,0,2,-
BRDA:119,0,3,-
BRDA:119,0,4,-
BRDA:119,0,5,-
BRDA:120,0,0,-
BRDA:120,0,1,-
BRDA:122,0,0,-
BRDA:122,0,1,-
BRDA:123,0,0,-
BRDA:123,0,1,-
BRDA:124,0,0,-
BRDA:124,0,1,-
BRDA:125,0,0,-
BRDA:125,0,1,-
BRDA:132,0,0,-
BRDA:132,0,1,-
BRDA:133,0,0,-
BRDA:133,0,1,-
BRDA:134,0,0,-
BRDA:134,0,1,-
BRDA:134,0,2,-
BRDA:134,0,3,-
BRDA:136,0,0,-
BRDA:136,0,1,-
BRDA:142,0,0,-
BRDA:142,0,1,-
BRDA:149,0,0,-
BRDA:149,0,1,-
BRDA:149,0,2,-
BRDA:149,0,3,-
BRDA:153,0,0,-
BRDA:153,0,1,-
BRDA:154,0,0,-
BRDA:154,0,1,-
BRDA:155,0,0,-
BRDA:155,0,1,-
BRDA:156,0,0,-
BRDA:156,0,1,-
BRDA:158,0,0,-
BRDA:158,0,1,-
BRDA:159,0,0,-
BRDA:159,0,1,-
BRDA:159,0,2,-
BRDA:159,0,3,-
BRF:108
BRH:0
DA:9,0
DA:11,0
DA:12,0
DA:13,0
DA:14,0
DA:15,0
DA:16,0
DA:17,0
DA:20,0
DA:21,0
DA:22,0
DA:23,0
DA:24,0
DA:25,0
DA:27,0
DA:29,0
DA:30,0
DA:32,0
DA:33,0
DA:35,0
DA:37,0
DA:38,0
DA:39,0
DA:40,0
DA:42,0
DA:48,0
DA:49,0
DA:50,0
DA:52,0
DA:54,0
DA:55,0
DA:57,0
DA:59,0
DA:61,0
DA:63,0
DA:64,0
DA:66,0
DA:67,0
DA:68,0
DA:69,0
DA:70,0
DA:75,0
DA:76,0
DA:77,0
DA:79,0
DA:81,0
DA:83,0
DA:86,0
DA:87,0
DA:88,0
DA:89,0
DA:91,0
DA:92,0
DA:93,0
DA:97,0
DA:98,0
DA:99,0
DA:101,0
DA:102,0
DA:103,0
DA:106,0
DA:107,0
DA:108,0
DA:109,0
DA:112,0
DA:114,0
DA:116,0
DA:117,0
DA:119,0
DA:120,0
DA:121,0
DA:122,0
DA:123,0
DA:124,0
DA:125,0
DA:126,0
DA:127,0
DA:132,0
DA:133,0
DA:134,0
DA:136,0
DA:137,0
DA:139,0
DA:142,0
DA:143,0
DA:145,0
DA:147,0
DA:148,0
DA:149,0
DA:150,0
DA:151,0
DA:152,0
DA:153,0
DA:154,0
DA:155,0
DA:156,0
DA:157,0
DA:158,0
DA:159,0
DA:160,0
DA:161,0
LF:101
LH:0
end_of_record
TN:
SF:/home/xucong/caicAD/01datainfra/Aurora/aurora-edge-runtime/src/common/platform/platform_adapter.h
FN:84,_ZNK6aurora8platform15PlatformAdapter11getCpuCoresEv
FN:89,_ZNK6aurora8platform15PlatformAdapter16getTotalMemoryMBEv
FN:94,_ZNK6aurora8platform15PlatformAdapter14hasSIMDSupportEv
FN:111,_ZNK6aurora8platform15PlatformAdapter15getPlatformNameB5cxx11Ev
FN:126,_ZNK6aurora8platform15PlatformAdapter21getOptimalThreadCountEv
FN:140,_ZNK6aurora8platform15PlatformAdapter17useQuantizedModelEv
FN:158,_ZNK6aurora8platform15PlatformAdapter30getRecommendedInferenceBackendB5cxx11Ev
FNDA:0,_ZNK6aurora8platform15PlatformAdapter16getTotalMemoryMBEv
FNDA:0,_ZNK6aurora8platform15PlatformAdapter30getRecommendedInferenceBackendB5cxx11Ev
FNDA:0,_ZNK6aurora8platform15PlatformAdapter15getPlatformNameB5cxx11Ev
FNDA:0,_ZNK6aurora8platform15PlatformAdapter17useQuantizedModelEv
FNDA:0,_ZNK6aurora8platform15PlatformAdapter21getOptimalThreadCountEv
FNDA:0,_ZNK6aurora8platform15PlatformAdapter11getCpuCoresEv
FNDA:0,_ZNK6aurora8platform15PlatformAdapter14hasSIMDSupportEv
FNF:7
FNH:0
BRDA:95,0,0,-
BRDA:95,0,1,-
BRDA:95,0,2,-
BRDA:95,0,3,-
BRDA:95,0,4,-
BRDA:95,0,5,-
BRDA:112,0,0,-
BRDA:112,0,1,-
BRDA:112,0,2,-
BRDA:112,0,3,-
BRDA:113,0,0,-
BRDA:113,0,1,-
BRDA:114,0,0,-
BRDA:114,0,1,-
BRDA:115,0,0,-
BRDA:115,0,1,-
BRDA:116,0,0,-
BRDA:116,0,1,-
BRDA:127,0,0,-
BRDA:127,0,1,-
BRDA:128,0,0,-
BRDA:128,0,1,-
BRDA:141,0,0,-
BRDA:141,0,1,-
BRDA:142,0,0,-
BRDA:142,0,1,-
BRDA:159,0,0,-
BRDA:159,0,1,-
BRDA:160,0,0,-
BRDA:160,0,1,-
BRDA:161,0,0,-
BRDA:161,0,1,-
BRDA:162,0,0,-
BRDA:162,0,1,-
BRDA:163,0,0,-
BRDA:163,0,1,-
BRDA:165,0,0,-
BRDA:165,0,1,-
BRDA:167,0,0,-
BRDA:167,0,1,-
BRDA:168,0,0,-
BRDA:168,0,1,-
BRDA:169,0,0,-
BRDA:169,0,1,-
BRDA:171,0,0,-
BRDA:171,0,1,-
BRF:46
BRH:0
DA:84,0
DA:89,0
DA:94,0
DA:95,0
DA:111,0
DA:112,0
DA:113,0
DA:114,0
DA:115,0
DA:116,0
DA:126,0
DA:127,0
DA:128,0
DA:129,0
DA:131,0
DA:140,0
DA:141,0
DA:142,0
DA:158,0
DA:159,0
DA:160,0
DA:161,0
DA:162,0
DA:163,0
DA:165,0
DA:167,0
DA:168,0
DA:169,0
DA:171,0
LF:29
LH:0
end_of_record
TN:
SF:/home/xucong/caicAD/01datainfra/Aurora/aurora-edge-runtime/src/common/ros2/qos_profiles.h
FN:20,_ZN6aurora6common3qos11sensor_dataEv
FN:30,_ZN6aurora6common3qos8odometryEv
FN:40,_ZN6aurora6common3qos12velocity_cmdEv
FN:49,_ZN6aurora6common3qos13tf_transformsEv
FN:56,_ZN6aurora6common3qos11static_dataEv
FN:63,_ZN6aurora6common3qos13visualizationEv
FN:69,_ZN6aurora6common3qos12channel_dataEv
FNDA:0,_ZN6aurora6common3qos13visualizationEv
FNDA:1,_ZN6aurora6common3qos8odometryEv
FNDA:0,_ZN6aurora6common3qos12channel_dataEv
FNDA:1,_ZN6aurora6common3qos13tf_transformsEv
FNDA:2,_ZN6aurora6common3qos12velocity_cmdEv
FNDA:1,_ZN6aurora6common3qos11static_dataEv
FNDA:2,_ZN6aurora6common3qos11sensor_dataEv
FNF:7
FNH:5
BRDA:21,0,0,2
BRDA:21,0,1,0
BRDA:22,0,0,2
BRDA:22,0,1,0
BRDA:23,0,0,2
BRDA:23,0,1,0
BRDA:23,0,2,2
BRDA:23,0,3,0
BRDA:24,0,0,2
BRDA:24,0,1,0
BRDA:25,0,0,2
BRDA:25,0,1,0
BRDA:25,0,2,2
BRDA:25,0,3,0
BRDA:31,0,0,1
BRDA:31,0,1,0
BRDA:32,0,0,1
BRDA:32,0,1,0
BRDA:33,0,0,1
BRDA:33,0,1,0
BRDA:33,0,2,1
BRDA:33,0,3,0
BRDA:34,0,0,1
BRDA:34,0,1,0
BRDA:35,0,0,1
BRDA:35,0,1,0
BRDA:35,0,2,1
BRDA:35,0,3,0
BRDA:41,0,0,2
BRDA:41,0,1,0
BRDA:42,0,0,2
BRDA:42,0,1,0
BRDA:43,0,0,2
BRDA:43,0,1,0
BRDA:43,0,2,2
BRDA:43,0,3,0
BRDA:44,0,0,2
BRDA:44,0,1,0
BRDA:45,0,0,2
BRDA:45,0,1,0
BRDA:45,0,2,2
BRDA:45,0,3,0
BRDA:50,0,0,1
BRDA:50,0,1,0
BRDA:51,0,0,1
BRDA:51,0,1,0
BRDA:52,0,0,1
BRDA:52,0,1,0
BRDA:52,0,2,1
BRDA:52,0,3,0
BRDA:57,0,0,1
BRDA:57,0,1,0
BRDA:58,0,0,1
BRDA:58,0,1,0
BRDA:59,0,0,1
BRDA:59,0,1,0
BRDA:64,0,0,-
BRDA:64,0,1,-
BRDA:65,0,0,-
BRDA:65,0,1,-
BRDA:70,0,0,-
BRDA:70,0,1,-
BRDA:71,0,0,-
BRDA:71,0,1,-
BRF:64
BRH:28
DA:20,2
DA:21,2
DA:22,2
DA:23,4
DA:24,2
DA:25,4
DA:30,1
DA:31,1
DA:32,1
DA:33,2
DA:34,1
DA:35,2
DA:40,2
DA:41,2
DA:42,2
DA:43,4
DA:44,2
DA:45,4
DA:49,1
DA:50,1
DA:51,1
DA:52,1
DA:56,1
DA:57,1
DA:58,1
DA:59,1
DA:63,0
DA:64,0
DA:65,0
DA:69,0
DA:70,0
DA:71,0
LF:32
LH:26
end_of_record
TN:
SF:/home/xucong/caicAD/01datainfra/Aurora/aurora-edge-runtime/src/common/sensor_config_manager.cpp
FN:14,_ZN12_GLOBAL__N_122extractJsonStringValueERKNSt7__cxx1112basic_stringIcSt11char_traitsIcESaIcEEES7_
FN:32,_ZN12_GLOBAL__N_120extractJsonBoolValueERKNSt7__cxx1112basic_stringIcSt11char_traitsIcESaIcEEES7_
FN:50,_ZN12_GLOBAL__N_119extractJsonIntValueERKNSt7__cxx1112basic_stringIcSt11char_traitsIcESaIcEEES7_
FN:75,_ZN6aurora6common19SensorConfigManager8instanceEv
FN:80,_ZN6aurora6common19SensorConfigManager14loadFromConfigERKNSt7__cxx1112basic_stringIcSt11char_traitsIcESaIcEEE
FN:94,_ZN6aurora6common19SensorConfigManager15parseJsonConfigERKNSt7__cxx1112basic_stringIcSt11char_traitsIcESaIcEEE
FN:111,_ZN6aurora6common19SensorConfigManager10autoDetectEv
FN:123,_ZN6aurora6common19SensorConfigManager15setSensorConfigERKNS0_12SensorConfigE
FN:128,_ZN6aurora6common19SensorConfigManager9setSensorERKNSt7__cxx1112basic_stringIcSt11char_traitsIcESaIcEEEbi
FN:142,_ZNK6aurora6common19SensorConfigManager12printSummaryEv
FN:163,_ZN6aurora6common19SensorConfigManager16getDefaultConfigEv
FNDA:0,_ZN6aurora6common19SensorConfigManager15setSensorConfigERKNS0_12SensorConfigE
FNDA:0,_ZNK6aurora6common19SensorConfigManager12printSummaryEv
FNDA:0,_ZN12_GLOBAL__N_120extractJsonBoolValueERKNSt7__cxx1112basic_stringIcSt11char_traitsIcESaIcEEES7_
FNDA:0,_ZN12_GLOBAL__N_122extractJsonStringValueERKNSt7__cxx1112basic_stringIcSt11char_traitsIcESaIcEEES7_
FNDA:0,_ZN6aurora6common19SensorConfigManager9setSensorERKNSt7__cxx1112basic_stringIcSt11char_traitsIcESaIcEEEbi
FNDA:0,_ZN6aurora6common19SensorConfigManager8instanceEv
FNDA:0,_ZN6aurora6common19SensorConfigManager10autoDetectEv
FNDA:0,_ZN6aurora6common19SensorConfigManager14loadFromConfigERKNSt7__cxx1112basic_stringIcSt11char_traitsIcESaIcEEE
FNDA:0,_ZN6aurora6common19SensorConfigManager15parseJsonConfigERKNSt7__cxx1112basic_stringIcSt11char_traitsIcESaIcEEE
FNDA:0,_ZN12_GLOBAL__N_119extractJsonIntValueERKNSt7__cxx1112basic_stringIcSt11char_traitsIcESaIcEEES7_
FNDA:0,_ZN6aurora6common19SensorConfigManager16getDefaultConfigEv
FNF:11
FNH:0
BRDA:15,0,0,-
BRDA:15,0,1,-
BRDA:15,0,2,-
BRDA:15,0,3,-
BRDA:17,0,0,-
BRDA:17,0,1,-
BRDA:17,0,2,-
BRDA:17,0,3,-
BRDA:20,0,0,-
BRDA:20,0,1,-
BRDA:20,0,2,-
BRDA:20,0,3,-
BRDA:23,0,0,-
BRDA:23,0,1,-
BRDA:23,0,2,-
BRDA:23,0,3,-
BRDA:27,0,0,-
BRDA:27,0,1,-
BRDA:27,0,2,-
BRDA:27,0,3,-
BRDA:29,0,0,-
BRDA:29,0,1,-
BRDA:33,0,0,-
BRDA:33,0,1,-
BRDA:33,0,2,-
BRDA:33,0,3,-
BRDA:35,0,0,-
BRDA:35,0,1,-
BRDA:38,0,0,-
BRDA:38,0,1,-
BRDA:44,0,0,-
BRDA:44,0,1,-
BRDA:44,0,2,-
BRDA:44,0,3,-
BRDA:44,0,4,-
BRDA:44,0,5,-
BRDA:51,0,0,-
BRDA:51,0,1,-
BRDA:51,0,2,-
BRDA:51,0,3,-
BRDA:53,0,0,-
BRDA:53,0,1,-
BRDA:56,0,0,-
BRDA:56,0,1,-
BRDA:59,0,0,-
BRDA:59,0,1,-
BRDA:59,0,2,-
BRDA:59,0,3,-
BRDA:59,0,4,-
BRDA:59,0,5,-
BRDA:59,0,6,-
BRDA:59,0,7,-
BRDA:59,0,8,-
BRDA:59,0,9,-
BRDA:65,0,0,-
BRDA:65,0,1,-
BRDA:65,0,2,-
BRDA:65,0,3,-
BRDA:65,0,4,-
BRDA:65,0,5,-
BRDA:65,0,6,-
BRDA:65,0,7,-
BRDA:66,0,0,-
BRDA:66,0,1,-
BRDA:69,0,0,-
BRDA:69,0,1,-
BRDA:69,0,2,-
BRDA:69,0,3,-
BRDA:81,0,0,-
BRDA:81,0,1,-
BRDA:82,0,0,-
BRDA:82,0,1,-
BRDA:82,0,2,-
BRDA:82,0,3,-
BRDA:83,0,0,-
BRDA:83,0,1,-
BRDA:83,0,2,-
BRDA:83,0,3,-
BRDA:83,0,4,-
BRDA:83,0,5,-
BRDA:87,0,0,-
BRDA:87,0,1,-
BRDA:88,0,0,-
BRDA:88,0,1,-
BRDA:88,0,2,-
BRDA:88,0,3,-
BRDA:89,0,0,-
BRDA:89,0,1,-
BRDA:91,0,0,-
BRDA:91,0,1,-
BRDA:96,0,0,-
BRDA:96,0,1,-
BRDA:96,0,2,-
BRDA:96,0,3,-
BRDA:97,0,0,-
BRDA:97,0,1,-
BRDA:97,0,2,-
BRDA:97,0,3,-
BRDA:100,0,0,-
BRDA:100,0,1,-
BRDA:100,0,2,-
BRDA:100,0,3,-
BRDA:101,0,0,-
BRDA:101,0,1,-
BRDA:101,0,2,-
BRDA:101,0,3,-
BRDA:104,0,0,-
BRDA:104,0,1,-
BRDA:104,0,2,-
BRDA:104,0,3,-
BRDA:105,0,0,-
BRDA:105,0,1,-
BRDA:105,0,2,-
BRDA:105,0,3,-
BRDA:129,0,0,-
BRDA:129,0,1,-
BRDA:131,0,0,-
BRDA:131,0,1,-
BRDA:132,0,0,-
BRDA:132,0,1,-
BRDA:134,0,0,-
BRDA:134,0,1,-
BRDA:135,0,0,-
BRDA:135,0,1,-
BRDA:137,0,0,-
BRDA:137,0,1,-
BRDA:144,0,0,-
BRDA:144,0,1,-
BRDA:145,0,0,-
BRDA:145,0,1,-
BRDA:150,0,0,-
BRDA:150,0,1,-
BRDA:151,0,0,-
BRDA:151,0,1,-
BRDA:156,0,0,-
BRDA:156,0,1,-
BRDA:157,0,0,-
BRDA:157,0,1,-
BRF:138
BRH:0
DA:14,0
DA:15,0
DA:16,0
DA:17,0
DA:19,0
DA:20,0
DA:22,0
DA:23,0
DA:24,0
DA:26,0
DA:27,0
DA:29,0
DA:30,0
DA:32,0
DA:33,0
DA:34,0
DA:35,0
DA:37,0
DA:38,0
DA:41,0
DA:42,0
DA:44,0
DA:45,0
DA:47,0
DA:48,0
DA:50,0
DA:51,0
DA:52,0
DA:53,0
DA:55,0
DA:56,0
DA:59,0
DA:60,0
DA:64,0
DA:65,0
DA:66,0
DA:69,0
DA:70,0
DA:75,0
DA:77,0
DA:80,0
DA:81,0
DA:82,0
DA:83,0
DA:84,0
DA:87,0
DA:88,0
DA:89,0
DA:91,0
DA:92,0
DA:94,0
DA:96,0
DA:97,0
DA:100,0
DA:101,0
DA:104,0
DA:105,0
DA:107,0
DA:108,0
DA:111,0
DA:116,0
DA:117,0
DA:119,0
DA:120,0
DA:123,0
DA:124,0
DA:125,0
DA:126,0
DA:128,0
DA:129,0
DA:130,0
DA:131,0
DA:132,0
DA:133,0
DA:134,0
DA:135,0
DA:136,0
DA:137,0
DA:139,0
DA:140,0
DA:142,0
DA:143,0
DA:144,0
DA:145,0
DA:146,0
DA:148,0
DA:150,0
DA:151,0
DA:152,0
DA:154,0
DA:156,0
DA:157,0
DA:158,0
DA:160,0
DA:161,0
DA:163,0
DA:164,0
DA:165,0
DA:166,0
DA:167,0
DA:168,0
DA:169,0
DA:170,0
DA:171,0
LF:104
LH:0
end_of_record
TN:
SF:/home/xucong/caicAD/01datainfra/Aurora/aurora-edge-runtime/src/common/startup_logger.cpp
FN:38,_ZN6aurora6common13StartupLogger8instanceEv
FN:43,_ZN6aurora6common13StartupLoggerC2Ev
FN:65,_ZN6aurora6common13StartupLoggerD2Ev
FN:69,_ZN6aurora6common13StartupLogger4initENS0_11StartupModeERKNSt7__cxx1112basic_stringIcSt11char_traitsIcESaIcEEE
FN:84,_ZN6aurora6common13StartupLogger16parseVersionInfoEv
FN:123,_ZN6aurora6common13StartupLogger18printStartupBannerERKNS0_10SystemInfoE
FN:134,_ZN6aurora6common13StartupLogger16printAsciiBannerEv
FN:197,_ZN6aurora6common13StartupLogger21printStructuredBannerEv
FN:215,_ZN6aurora6common13StartupLogger10applyColorERKNSt7__cxx1112basic_stringIcSt11char_traitsIcESaIcEEES9_
FN:222,_ZN6aurora6common13StartupLogger17logInitStageBeginENS0_9InitStageE
FN:237,_ZN6aurora6common13StartupLogger15logInitStageEndENS0_9InitStageEbRKNSt7__cxx1112basic_stringIcSt11char_traitsIcESaIcEEE
FN:267,_ZN6aurora6common13StartupLogger15logInitProgressENS0_9InitStageEiRKNSt7__cxx1112basic_stringIcSt11char_traitsIcESaIcEEE
FN:302,_ZN6aurora6common13StartupLogger16printSystemReadyEv
FN:315,_ZN6aurora6common13StartupLogger8logErrorERKNSt7__cxx1112basic_stringIcSt11char_traitsIcESaIcEEE
FN:326,_ZN6aurora6common13StartupLogger10logWarningERKNSt7__cxx1112basic_stringIcSt11char_traitsIcESaIcEEE
FN:337,_ZN6aurora6common13StartupLogger7logInfoERKNSt7__cxx1112basic_stringIcSt11char_traitsIcESaIcEEE
FN:348,_ZN6aurora6common13StartupLogger15setSensorConfigERKNS0_12SensorConfigE
FN:352,_ZN6aurora6common13StartupLogger8shutdownEv
FN:358,_ZN6aurora6common13StartupLogger12getStageNameB5cxx11ENS0_9InitStageE
FN:370,_ZN6aurora6common13StartupLogger19getStageDescriptionB5cxx11ENS0_9InitStageE
FN:382,_ZN6aurora6common13StartupLogger19getCurrentTimestampB5cxx11Ev
FNDA:0,_ZN6aurora6common13StartupLogger19getCurrentTimestampB5cxx11Ev
FNDA:0,_ZN6aurora6common13StartupLogger12getStageNameB5cxx11ENS0_9InitStageE
FNDA:0,_ZN6aurora6common13StartupLogger15logInitStageEndENS0_9InitStageEbRKNSt7__cxx1112basic_stringIcSt11char_traitsIcESaIcEEE
FNDA:0,_ZN6aurora6common13StartupLogger17logInitStageBeginENS0_9InitStageE
FNDA:0,_ZN6aurora6common13StartupLogger19getStageDescriptionB5cxx11ENS0_9InitStageE
FNDA:0,_ZN6aurora6common13StartupLogger8logErrorERKNSt7__cxx1112basic_stringIcSt11char_traitsIcESaIcEEE
FNDA:0,_ZN6aurora6common13StartupLogger15setSensorConfigERKNS0_12SensorConfigE
FNDA:0,_ZN6aurora6common13StartupLogger16parseVersionInfoEv
FNDA:0,_ZN6aurora6common13StartupLogger10applyColorERKNSt7__cxx1112basic_stringIcSt11char_traitsIcESaIcEEES9_
FNDA:0,_ZN6aurora6common13StartupLoggerC2Ev
FNDA:0,_ZN6aurora6common13StartupLogger16printAsciiBannerEv
FNDA:0,_ZN6aurora6common13StartupLoggerD2Ev
FNDA:0,_ZN6aurora6common13StartupLogger15logInitProgressENS0_9InitStageEiRKNSt7__cxx1112basic_stringIcSt11char_traitsIcESaIcEEE
FNDA:0,_ZN6aurora6common13StartupLogger16printSystemReadyEv
FNDA:0,_ZN6aurora6common13StartupLogger4initENS0_11StartupModeERKNSt7__cxx1112basic_stringIcSt11char_traitsIcESaIcEEE
FNDA:0,_ZN6aurora6common13StartupLogger7logInfoERKNSt7__cxx1112basic_stringIcSt11char_traitsIcESaIcEEE
FNDA:0,_ZN6aurora6common13StartupLogger21printStructuredBannerEv
FNDA:0,_ZN6aurora6common13StartupLogger8instanceEv
FNDA:0,_ZN6aurora6common13StartupLogger10logWarningERKNSt7__cxx1112basic_stringIcSt11char_traitsIcESaIcEEE
FNDA:0,_ZN6aurora6common13StartupLogger18printStartupBannerERKNS0_10SystemInfoE
FNDA:0,_ZN6aurora6common13StartupLogger8shutdownEv
FNF:21
FNH:0
BRDA:39,0,0,-
BRDA:39,0,1,-
BRDA:39,0,2,-
BRDA:39,0,3,-
BRDA:39,0,4,-
BRDA:39,0,5,-
BRDA:39,0,6,-
BRDA:39,0,7,-
BRDA:48,0,0,-
BRDA:48,0,1,-
BRDA:49,0,0,-
BRDA:49,0,1,-
BRDA:50,0,0,-
BRDA:50,0,1,-
BRDA:51,0,0,-
BRDA:51,0,1,-
BRDA:52,0,0,-
BRDA:52,0,1,-
BRDA:53,0,0,-
BRDA:53,0,1,-
BRDA:77,0,0,-
BRDA:77,0,1,-
BRDA:108,0,0,-
BRDA:108,0,1,-
BRDA:108,0,2,-
BRDA:108,0,3,-
BRDA:116,0,0,-
BRDA:116,0,1,-
BRDA:117,0,0,-
BRDA:117,0,1,-
BRDA:117,0,2,-
BRDA:117,0,3,-
BRDA:126,0,0,-
BRDA:126,0,1,-
BRDA:135,0,0,-
BRDA:135,0,1,-
BRDA:138,0,0,-
BRDA:138,0,1,-
BRDA:138,0,2,-
BRDA:138,0,3,-
BRDA:138,0,4,-
BRDA:138,0,5,-
BRDA:138,0,6,-
BRDA:138,0,7,-
BRDA:138,0,8,-
BRDA:138,0,9,-
BRDA:139,0,0,-
BRDA:139,0,1,-
BRDA:139,0,2,-
BRDA:139,0,3,-
BRDA:139,0,4,-
BRDA:139,0,5,-
BRDA:139,0,6,-
BRDA:139,0,7,-
BRDA:139,0,8,-
BRDA:139,0,9,-
BRDA:140,0,0,-
BRDA:140,0,1,-
BRDA:140,0,2,-
BRDA:140,0,3,-
BRDA:140,0,4,-
BRDA:140,0,5,-
BRDA:140,0,6,-
BRDA:140,0,7,-
BRDA:140,0,8,-
BRDA:140,0,9,-
BRDA:141,0,0,-
BRDA:141,0,1,-
BRDA:141,0,2,-
BRDA:141,0,3,-
BRDA:141,0,4,-
BRDA:141,0,5,-
BRDA:141,0,6,-
BRDA:141,0,7,-
BRDA:141,0,8,-
BRDA:141,0,9,-
BRDA:142,0,0,-
BRDA:142,0,1,-
BRDA:145,0,0,-
BRDA:145,0,1,-
BRDA:145,0,2,-
BRDA:145,0,3,-
BRDA:145,0,4,-
BRDA:145,0,5,-
BRDA:147,0,0,-
BRDA:147,0,1,-
BRDA:147,0,2,-
BRDA:147,0,3,-
BRDA:149,0,0,-
BRDA:149,0,1,-
BRDA:149,0,2,-
BRDA:149,0,3,-
BRDA:149,0,4,-
BRDA:149,0,5,-
BRDA:150,0,0,-
BRDA:150,0,1,-
BRDA:150,0,2,-
BRDA:150,0,3,-
BRDA:150,0,4,-
BRDA:150,0,5,-
BRDA:152,0,0,-
BRDA:152,0,1,-
BRDA:152,0,2,-
BRDA:152,0,3,-
BRDA:152,0,4,-
BRDA:152,0,5,-
BRDA:153,0,0,-
BRDA:153,0,1,-
BRDA:153,0,2,-
BRDA:153,0,3,-
BRDA:153,0,4,-
BRDA:153,0,5,-
BRDA:153,0,6,-
BRDA:153,0,7,-
BRDA:153,0,8,-
BRDA:153,0,9,-
BRDA:153,0,10,-
BRDA:153,0,11,-
BRDA:155,0,0,-
BRDA:155,0,1,-
BRDA:155,0,2,-
BRDA:155,0,3,-
BRDA:155,0,4,-
BRDA:155,0,5,-
BRDA:156,0,0,-
BRDA:156,0,1,-
BRDA:156,0,2,-
BRDA:156,0,3,-
BRDA:156,0,4,-
BRDA:156,0,5,-
BRDA:159,0,0,-
BRDA:159,0,1,-
BRDA:159,0,2,-
BRDA:159,0,3,-
BRDA:160,0,0,-
BRDA:160,0,1,-
BRDA:160,0,2,-
BRDA:160,0,3,-
BRDA:160,0,4,-
BRDA:160,0,5,-
BRDA:161,0,0,-
BRDA:161,0,1,-
BRDA:161,0,2,-
BRDA:161,0,3,-
BRDA:161,0,4,-
BRDA:161,0,5,-
BRDA:161,0,6,-
BRDA:161,0,7,-
BRDA:161,0,8,-
BRDA:161,0,9,-
BRDA:163,0,0,-
BRDA:163,0,1,-
BRDA:163,0,2,-
BRDA:163,0,3,-
BRDA:163,0,4,-
BRDA:163,0,5,-
BRDA:164,0,0,-
BRDA:164,0,1,-
BRDA:164,0,2,-
BRDA:164,0,3,-
BRDA:164,0,4,-
BRDA:164,0,5,-
BRDA:166,0,0,-
BRDA:166,0,1,-
BRDA:166,0,2,-
BRDA:166,0,3,-
BRDA:169,0,0,-
BRDA:169,0,1,-
BRDA:169,0,2,-
BRDA:169,0,3,-
BRDA:169,0,4,-
BRDA:169,0,5,-
BRDA:169,0,6,-
BRDA:169,0,7,-
BRDA:169,0,8,-
BRDA:169,0,9,-
BRDA:173,0,0,-
BRDA:173,0,1,-
BRDA:173,0,2,-
BRDA:173,0,3,-
BRDA:173,0,4,-
BRDA:173,0,5,-
BRDA:173,0,6,-
BRDA:173,0,7,-
BRDA:173,0,8,-
BRDA:173,0,9,-
BRDA:173,0,10,-
BRDA:173,0,11,-
BRDA:173,0,12,-
BRDA:173,0,13,-
BRDA:173,0,14,-
BRDA:173,0,15,-
BRDA:173,0,16,-
BRDA:173,0,17,-
BRDA:173,0,18,-
BRDA:173,0,19,-
BRDA:173,0,20,-
BRDA:173,0,21,-
BRDA:173,0,22,-
BRDA:173,0,23,-
BRDA:173,0,24,-
BRDA:173,0,25,-
BRDA:173,0,26,-
BRDA:173,0,27,-
BRDA:173,0,28,-
BRDA:173,0,29,-
BRDA:173,0,30,-
BRDA:173,0,31,-
BRDA:173,0,32,-
BRDA:173,0,33,-
BRDA:173,0,34,-
BRDA:173,0,35,-
BRDA:174,0,0,-
BRDA:174,0,1,-
BRDA:175,0,0,-
BRDA:175,0,1,-
BRDA:175,0,2,-
BRDA:175,0,3,-
BRDA:175,0,4,-
BRDA:175,0,5,-
BRDA:177,0,0,-
BRDA:177,0,1,-
BRDA:180,0,0,-
BRDA:180,0,1,-
BRDA:180,0,2,-
BRDA:180,0,3,-
BRDA:180,0,4,-
BRDA:180,0,5,-
BRDA:180,0,6,-
BRDA:180,0,7,-
BRDA:180,0,8,-
BRDA:180,0,9,-
BRDA:180,0,10,-
BRDA:180,0,11,-
BRDA:180,0,12,-
BRDA:180,0,13,-
BRDA:180,0,14,-
BRDA:180,0,15,-
BRDA:180,0,16,-
BRDA:180,0,17,-
BRDA:180,0,18,-
BRDA:180,0,19,-
BRDA:180,0,20,-
BRDA:180,0,21,-
BRDA:180,0,22,-
BRDA:180,0,23,-
BRDA:180,0,24,-
BRDA:180,0,25,-
BRDA:180,0,26,-
BRDA:180,0,27,-
BRDA:180,0,28,-
BRDA:180,0,29,-
BRDA:180,0,30,-
BRDA:180,0,31,-
BRDA:180,0,32,-
BRDA:180,0,33,-
BRDA:180,0,34,-
BRDA:180,0,35,-
BRDA:181,0,0,-
BRDA:181,0,1,-
BRDA:182,0,0,-
BRDA:182,0,1,-
BRDA:182,0,2,-
BRDA:182,0,3,-
BRDA:182,0,4,-
BRDA:182,0,5,-
BRDA:184,0,0,-
BRDA:184,0,1,-
BRDA:187,0,0,-
BRDA:187,0,1,-
BRDA:187,0,2,-
BRDA:187,0,3,-
BRDA:187,0,4,-
BRDA:187,0,5,-
BRDA:187,0,6,-
BRDA:187,0,7,-
BRDA:187,0,8,-
BRDA:187,0,9,-
BRDA:187,0,10,-
BRDA:187,0,11,-
BRDA:187,0,12,-
BRDA:187,0,13,-
BRDA:187,0,14,-
BRDA:187,0,15,-
BRDA:187,0,16,-
BRDA:187,0,17,-
BRDA:187,0,18,-
BRDA:187,0,19,-
BRDA:187,0,20,-
BRDA:187,0,21,-
BRDA:187,0,22,-
BRDA:187,0,23,-
BRDA:187,0,24,-
BRDA:187,0,25,-
BRDA:187,0,26,-
BRDA:187,0,27,-
BRDA:187,0,28,-
BRDA:187,0,29,-
BRDA:187,0,30,-
BRDA:187,0,31,-
BRDA:187,0,32,-
BRDA:187,0,33,-
BRDA:187,0,34,-
BRDA:187,0,35,-
BRDA:188,0,0,-
BRDA:188,0,1,-
BRDA:189,0,0,-
BRDA:189,0,1,-
BRDA:189,0,2,-
BRDA:189,0,3,-
BRDA:189,0,4,-
BRDA:189,0,5,-
BRDA:191,0,0,-
BRDA:191,0,1,-
BRDA:193,0,0,-
BRDA:193,0,1,-
BRDA:193,0,2,-
BRDA:193,0,3,-
BRDA:194,0,0,-
BRDA:194,0,1,-
BRDA:207,0,0,-
BRDA:207,0,1,-
BRDA:209,0,0,-
BRDA:209,0,1,-
BRDA:211,0,0,-
BRDA:211,0,1,-
BRDA:216,0,0,-
BRDA:216,0,1,-
BRDA:217,0,0,-
BRDA:217,0,1,-
BRDA:226,0,0,-
BRDA:226,0,1,-
BRDA:227,0,0,-
BRDA:227,0,1,-
BRDA:227,0,2,-
BRDA:227,0,3,-
BRDA:227,0,4,-
BRDA:227,0,5,-
BRDA:228,0,0,-
BRDA:228,0,1,-
BRDA:228,0,2,-
BRDA:228,0,3,-
BRDA:229,0,0,-
BRDA:229,0,1,-
BRDA:229,0,2,-
BRDA:229,0,3,-
BRDA:230,0,0,-
BRDA:230,0,1,-
BRDA:230,0,2,-
BRDA:230,0,3,-
BRDA:230,0,4,-
BRDA:230,0,5,-
BRDA:230,0,6,-
BRDA:230,0,7,-
BRDA:230,0,8,-
BRDA:230,0,9,-
BRDA:230,0,10,-
BRDA:230,0,11,-
BRDA:230,0,12,-
BRDA:230,0,13,-
BRDA:230,0,14,-
BRDA:230,0,15,-
BRDA:233,0,0,-
BRDA:233,0,1,-
BRDA:233,0,2,-
BRDA:233,0,3,-
BRDA:233,0,4,-
BRDA:233,0,5,-
BRDA:233,0,6,-
BRDA:233,0,7,-
BRDA:233,0,8,-
BRDA:233,0,9,-
BRDA:233,0,10,-
BRDA:233,0,11,-
BRDA:238,0,0,-
BRDA:238,0,1,-
BRDA:238,0,2,-
BRDA:238,0,3,-
BRDA:241,0,0,-
BRDA:241,0,1,-
BRDA:242,0,0,-
BRDA:242,0,1,-
BRDA:242,0,2,-
BRDA:242,0,3,-
BRDA:244,0,0,-
BRDA:244,0,1,-
BRDA:245,0,0,-
BRDA:245,0,1,-
BRDA:246,0,0,-
BRDA:246,0,1,-
BRDA:246,0,2,-
BRDA:246,0,3,-
BRDA:246,0,4,-
BRDA:246,0,5,-
BRDA:246,0,6,-
BRDA:246,0,7,-
BRDA:248,0,0,-
BRDA:248,0,1,-
BRDA:248,0,2,-
BRDA:248,0,3,-
BRDA:248,0,4,-
BRDA:248,0,5,-
BRDA:248,0,6,-
BRDA:248,0,7,-
BRDA:250,0,0,-
BRDA:250,0,1,-
BRDA:250,0,2,-
BRDA:250,0,3,-
BRDA:250,0,4,-
BRDA:250,0,5,-
BRDA:251,0,0,-
BRDA:251,0,1,-
BRDA:252,0,0,-
BRDA:252,0,1,-
BRDA:252,0,2,-
BRDA:252,0,3,-
BRDA:254,0,0,-
BRDA:254,0,1,-
BRDA:258,0,0,-
BRDA:258,0,1,-
BRDA:258,0,2,-
BRDA:258,0,3,-
BRDA:258,0,4,-
BRDA:258,0,5,-
BRDA:258,0,6,-
BRDA:258,0,7,-
BRDA:258,0,8,-
BRDA:258,0,9,-
BRDA:258,0,10,-
BRDA:258,0,11,-
BRDA:258,0,12,-
BRDA:258,0,13,-
BRDA:258,0,14,-
BRDA:258,0,15,-
BRDA:259,0,0,-
BRDA:259,0,1,-
BRDA:259,0,2,-
BRDA:259,0,3,-
BRDA:259,0,4,-
BRDA:259,0,5,-
BRDA:259,0,6,-
BRDA:259,0,7,-
BRDA:260,0,0,-
BRDA:260,0,1,-
BRDA:261,0,0,-
BRDA:261,0,1,-
BRDA:261,0,2,-
BRDA:261,0,3,-
BRDA:261,0,4,-
BRDA:261,0,5,-
BRDA:263,0,0,-
BRDA:263,0,1,-
BRDA:263,0,2,-
BRDA:263,0,3,-
BRDA:268,0,0,-
BRDA:268,0,1,-
BRDA:273,0,0,-
BRDA:273,0,1,-
BRDA:273,0,2,-
BRDA:273,0,3,-
BRDA:273,0,4,-
BRDA:273,0,5,-
BRDA:274,0,0,-
BRDA:274,0,1,-
BRDA:274,0,2,-
BRDA:274,0,3,-
BRDA:274,0,4,-
BRDA:274,0,5,-
BRDA:274,0,6,-
BRDA:274,0,7,-
BRDA:274,0,8,-
BRDA:274,0,9,-
BRDA:274,0,10,-
BRDA:274,0,11,-
BRDA:274,0,12,-
BRDA:274,0,13,-
BRDA:276,0,0,-
BRDA:276,0,1,-
BRDA:277,0,0,-
BRDA:277,0,1,-
BRDA:278,0,0,-
BRDA:278,0,1,-
BRDA:278,0,2,-
BRDA:278,0,3,-
BRDA:278,0,4,-
BRDA:278,0,5,-
BRDA:279,0,0,-
BRDA:279,0,1,-
BRDA:280,0,0,-
BRDA:280,0,1,-
BRDA:280,0,2,-
BRDA:280,0,3,-
BRDA:280,0,4,-
BRDA:280,0,5,-
BRDA:282,0,0,-
BRDA:282,0,1,-
BRDA:282,0,2,-
BRDA:282,0,3,-
BRDA:282,0,4,-
BRDA:282,0,5,-
BRDA:287,0,0,-
BRDA:287,0,1,-
BRDA:293,0,0,-
BRDA:293,0,1,-
BRDA:293,0,2,-
BRDA:293,0,3,-
BRDA:294,0,0,-
BRDA:294,0,1,-
BRDA:294,0,2,-
BRDA:294,0,3,-
BRDA:294,0,4,-
BRDA:294,0,5,-
BRDA:294,0,6,-
BRDA:294,0,7,-
BRDA:294,0,8,-
BRDA:294,0,9,-
BRDA:295,0,0,-
BRDA:295,0,1,-
BRDA:303,0,0,-
BRDA:303,0,1,-
BRDA:305,0,0,-
BRDA:305,0,1,-
BRDA:305,0,2,-
BRDA:305,0,3,-
BRDA:305,0,4,-
BRDA:305,0,5,-
BRDA:306,0,0,-
BRDA:306,0,1,-
BRDA:306,0,2,-
BRDA:306,0,3,-
BRDA:306,0,4,-
BRDA:306,0,5,-
BRDA:306,0,6,-
BRDA:306,0,7,-
BRDA:306,0,8,-
BRDA:306,0,9,-
BRDA:306,0,10,-
BRDA:306,0,11,-
BRDA:306,0,12,-
BRDA:306,0,13,-
BRDA:307,0,0,-
BRDA:307,0,1,-
BRDA:311,0,0,-
BRDA:311,0,1,-
BRDA:311,0,2,-
BRDA:311,0,3,-
BRDA:311,0,4,-
BRDA:311,0,5,-
BRDA:316,0,0,-
BRDA:316,0,1,-
BRDA:317,0,0,-
BRDA:317,0,1,-
BRDA:317,0,2,-
BRDA:317,0,3,-
BRDA:317,0,4,-
BRDA:317,0,5,-
BRDA:318,0,0,-
BRDA:318,0,1,-
BRDA:318,0,2,-
BRDA:318,0,3,-
BRDA:319,0,0,-
BRDA:319,0,1,-
BRDA:319,0,2,-
BRDA:319,0,3,-
BRDA:319,0,4,-
BRDA:319,0,5,-
BRDA:319,0,6,-
BRDA:319,0,7,-
BRDA:319,0,8,-
BRDA:319,0,9,-
BRDA:319,0,10,-
BRDA:319,0,11,-
BRDA:319,0,12,-
BRDA:319,0,13,-
BRDA:322,0,0,-
BRDA:322,0,1,-
BRDA:322,0,2,-
BRDA:322,0,3,-
BRDA:322,0,4,-
BRDA:322,0,5,-
BRDA:322,0,6,-
BRDA:322,0,7,-
BRDA:322,0,8,-
BRDA:322,0,9,-
BRDA:327,0,0,-
BRDA:327,0,1,-
BRDA:328,0,0,-
BRDA:328,0,1,-
BRDA:328,0,2,-
BRDA:328,0,3,-
BRDA:328,0,4,-
BRDA:328,0,5,-
BRDA:329,0,0,-
BRDA:329,0,1,-
BRDA:329,0,2,-
BRDA:329,0,3,-
BRDA:330,0,0,-
BRDA:330,0,1,-
BRDA:330,0,2,-
BRDA:330,0,3,-
BRDA:330,0,4,-
BRDA:330,0,5,-
BRDA:330,0,6,-
BRDA:330,0,7,-
BRDA:330,0,8,-
BRDA:330,0,9,-
BRDA:330,0,10,-
BRDA:330,0,11,-
BRDA:333,0,0,-
BRDA:333,0,1,-
BRDA:333,0,2,-
BRDA:333,0,3,-
BRDA:333,0,4,-
BRDA:333,0,5,-
BRDA:333,0,6,-
BRDA:333,0,7,-
BRDA:333,0,8,-
BRDA:333,0,9,-
BRDA:338,0,0,-
BRDA:338,0,1,-
BRDA:339,0,0,-
BRDA:339,0,1,-
BRDA:339,0,2,-
BRDA:339,0,3,-
BRDA:339,0,4,-
BRDA:339,0,5,-
BRDA:340,0,0,-
BRDA:340,0,1,-
BRDA:340,0,2,-
BRDA:340,0,3,-
BRDA:341,0,0,-
BRDA:341,0,1,-
BRDA:341,0,2,-
BRDA:341,0,3,-
BRDA:341,0,4,-
BRDA:341,0,5,-
BRDA:341,0,6,-
BRDA:341,0,7,-
BRDA:341,0,8,-
BRDA:341,0,9,-
BRDA:341,0,10,-
BRDA:341,0,11,-
BRDA:344,0,0,-
BRDA:344,0,1,-
BRDA:344,0,2,-
BRDA:344,0,3,-
BRDA:344,0,4,-
BRDA:344,0,5,-
BRDA:344,0,6,-
BRDA:344,0,7,-
BRDA:344,0,8,-
BRDA:344,0,9,-
BRDA:353,0,0,-
BRDA:353,0,1,-
BRDA:359,0,0,-
BRDA:359,0,1,-
BRDA:359,0,2,-
BRDA:359,0,3,-
BRDA:359,0,4,-
BRDA:359,0,5,-
BRDA:359,0,6,-
BRDA:360,0,0,-
BRDA:360,0,1,-
BRDA:361,0,0,-
BRDA:361,0,1,-
BRDA:362,0,0,-
BRDA:362,0,1,-
BRDA:363,0,0,-
BRDA:363,0,1,-
BRDA:364,0,0,-
BRDA:364,0,1,-
BRDA:365,0,0,-
BRDA:365,0,1,-
BRDA:366,0,0,-
BRDA:366,0,1,-
BRDA:371,0,0,-
BRDA:371,0,1,-
BRDA:371,0,2,-
BRDA:371,0,3,-
BRDA:371,0,4,-
BRDA:371,0,5,-
BRDA:371,0,6,-
BRDA:372,0,0,-
BRDA:372,0,1,-
BRDA:373,0,0,-
BRDA:373,0,1,-
BRDA:374,0,0,-
BRDA:374,0,1,-
BRDA:375,0,0,-
BRDA:375,0,1,-
BRDA:376,0,0,-
BRDA:376,0,1,-
BRDA:377,0,0,-
BRDA:377,0,1,-
BRDA:378,0,0,-
BRDA:378,0,1,-
BRDA:385,0,0,-
BRDA:385,0,1,-
BRDA:386,0,0,-
BRDA:386,0,1,-
BRDA:388,0,0,-
BRDA:388,0,1,-
BRDA:389,0,0,-
BRDA:389,0,1,-
BRDA:390,0,0,-
BRDA:390,0,1,-
BRDA:390,0,2,-
BRDA:390,0,3,-
BRDA:390,0,4,-
BRDA:390,0,5,-
BRDA:390,0,6,-
BRDA:390,0,7,-
BRDA:391,0,0,-
BRDA:391,0,1,-
BRF:714
BRH:0
DA:38,0
DA:39,0
DA:40,0
DA:43,0
DA:44,0
DA:45,0
DA:46,0
DA:48,0
DA:49,0
DA:50,0
DA:51,0
DA:52,0
DA:53,0
DA:61,0
DA:63,0
DA:65,0
DA:66,0
DA:67,0
DA:69,0
DA:70,0
DA:71,0
DA:74,0
DA:77,0
DA:78,0
DA:81,0
DA:84,0
DA:87,0
DA:94,0
DA:101,0
DA:107,0
DA:108,0
DA:109,0
DA:111,0
DA:115,0
DA:116,0
DA:117,0
DA:119,0
DA:121,0
DA:123,0
DA:124,0
DA:126,0
DA:127,0
DA:129,0
DA:131,0
DA:134,0
DA:135,0
DA:138,0
DA:139,0
DA:140,0
DA:141,0
DA:142,0
DA:144,0
DA:145,0
DA:147,0
DA:149,0
DA:150,0
DA:152,0
DA:153,0
DA:155,0
DA:156,0
DA:158,0
DA:159,0
DA:160,0
DA:161,0
DA:163,0
DA:164,0
DA:166,0
DA:169,0
DA:171,0
DA:173,0
DA:174,0
DA:175,0
DA:177,0
DA:180,0
DA:181,0
DA:182,0
DA:184,0
DA:187,0
DA:188,0
DA:189,0
DA:191,0
DA:193,0
DA:194,0
DA:195,0
DA:197,0
DA:199,0
DA:200,0
DA:201,0
DA:202,0
DA:203,0
DA:204,0
DA:206,0
DA:207,0
DA:208,0
DA:209,0
DA:210,0
DA:211,0
DA:212,0
DA:213,0
DA:215,0
DA:216,0
DA:217,0
DA:219,0
DA:222,0
DA:223,0
DA:224,0
DA:226,0
DA:227,0
DA:228,0
DA:229,0
DA:230,0
DA:232,0
DA:233,0
DA:235,0
DA:237,0
DA:238,0
DA:240,0
DA:241,0
DA:242,0
DA:244,0
DA:245,0
DA:246,0
DA:248,0
DA:250,0
DA:251,0
DA:252,0
DA:254,0
DA:256,0
DA:258,0
DA:259,0
DA:260,0
DA:261,0
DA:263,0
DA:265,0
DA:267,0
DA:268,0
DA:270,0
DA:271,0
DA:273,0
DA:274,0
DA:276,0
DA:277,0
DA:278,0
DA:279,0
DA:280,0
DA:282,0
DA:286,0
DA:287,0
DA:288,0
DA:290,0
DA:292,0
DA:293,0
DA:294,0
DA:295,0
DA:296,0
DA:298,0
DA:300,0
DA:302,0
DA:303,0
DA:304,0
DA:305,0
DA:306,0
DA:307,0
DA:308,0
DA:311,0
DA:313,0
DA:315,0
DA:316,0
DA:317,0
DA:318,0
DA:319,0
DA:322,0
DA:324,0
DA:326,0
DA:327,0
DA:328,0
DA:329,0
DA:330,0
DA:333,0
DA:335,0
DA:337,0
DA:338,0
DA:339,0
DA:340,0
DA:341,0
DA:344,0
DA:346,0
DA:348,0
DA:349,0
DA:350,0
DA:352,0
DA:353,0
DA:354,0
DA:356,0
DA:358,0
DA:359,0
DA:360,0
DA:361,0
DA:362,0
DA:363,0
DA:364,0
DA:365,0
DA:366,0
DA:370,0
DA:371,0
DA:372,0
DA:373,0
DA:374,0
DA:375,0
DA:376,0
DA:377,0
DA:378,0
DA:382,0
DA:383,0
DA:384,0
DA:385,0
DA:386,0
DA:388,0
DA:389,0
DA:390,0
DA:391,0
DA:392,0
LF:222
LH:0
end_of_record
TN:
SF:/home/xucong/caicAD/01datainfra/Aurora/aurora-edge-runtime/src/common/utils/sRegex.cpp
FN:11,_ZN6aurora6common7IsMatchERKNSt7__cxx1112basic_stringIcSt11char_traitsIcESaIcEEES8_
FNDA:0,_ZN6aurora6common7IsMatchERKNSt7__cxx1112basic_stringIcSt11char_traitsIcESaIcEEES8_
FNF:1
FNH:0
BRDA:14,0,0,-
BRDA:14,0,1,-
BRDA:15,0,0,-
BRDA:15,0,1,-
BRDA:17,0,0,0
BRDA:17,0,1,0
BRDA:19,0,0,0
BRDA:19,0,1,0
BRDA:19,0,2,0
BRDA:19,0,3,0
BRDA:19,0,4,0
BRDA:19,0,5,0
BRF:12
BRH:0
DA:11,0
DA:14,0
DA:15,0
DA:16,0
DA:17,0
DA:19,0
DA:20,0
DA:21,0
LF:8
LH:0
end_of_record
TN:
SF:/home/xucong/caicAD/01datainfra/Aurora/aurora-edge-runtime/src/common/utils/utils.cpp
FN:21,_ZN6aurora6common10IsDirExistERKNSt7__cxx1112basic_stringIcSt11char_traitsIcESaIcEEE
FN:35,_ZN6aurora6common10DeleteFileERKNSt7__cxx1112basic_stringIcSt11char_traitsIcESaIcEEE
FN:40,_ZN6aurora6common11DeleteFilesERKSt6vectorINSt7__cxx1112basic_stringIcSt11char_traitsIcESaIcEEESaIS7_EE
FN:57,_ZN6aurora6common14saveDataToFileERKNSt7__cxx1112basic_stringIcSt11char_traitsIcESaIcEEES8_
FN:78,_ZN6aurora6common21ensureDirectoryExistsERKNSt7__cxx1112basic_stringIcSt11char_traitsIcESaIcEEE
FN:86,_ZN6aurora6common23ForceCreateDirRecursiveERKNSt7__cxx1112basic_stringIcSt11char_traitsIcESaIcEEE
FN:102,_ZN6aurora6common22FindFilesWithAllSuffixERKNSt7__cxx1112basic_stringIcSt11char_traitsIcESaIcEEE
FN:125,_ZN6aurora6common10RenameFileERKNSt7__cxx1112basic_stringIcSt11char_traitsIcESaIcEEES8_
FN:143,_ZN6aurora6common16RenameRecordFileERKNSt7__cxx1112basic_stringIcSt11char_traitsIcESaIcEEE
FN:158,_ZN6aurora6common16readFileToStringERKNSt7__cxx1112basic_stringIcSt11char_traitsIcESaIcEEE
FN:178,_ZN6aurora6common19GetFileCreationTimeERKNSt7__cxx1112basic_stringIcSt11char_traitsIcESaIcEEE
FN:187,_ZN6aurora6common19GetFilesInTimeRangeERKNSt7__cxx1112basic_stringIcSt11char_traitsIcESaIcEEEmm
FN:240,_ZN6aurora6common21GetCurrentTimestampMsEv
FN:247,_ZN6aurora6common19GetCurrentTimestampEv
FN:254,_ZN6aurora6common21GetCurrentTimestampNsEv
FN:261,_ZN6aurora6common7getTimeEv
FN:269,_ZN6aurora6common19get14DigitTimestampB5cxx11Ev
FN:293,_ZN6aurora6common17generateTimestampEv
FN:301,_ZN6aurora6common23getCurrentTimeFormattedB5cxx11Ev
FN:316,_ZN6aurora6common19UnixSecondsToStringEmRKNSt7__cxx1112basic_stringIcSt11char_traitsIcESaIcEEE
FN:331,_ZN6aurora6common15TimestampNs2StrB5cxx11Em
FN:341,_ZN6aurora6common12FileTimeToMsERKNSt6chrono10time_pointINSt10filesystem12__file_clockENS1_8durationIlSt5ratioILl1ELl1000000000EEEEEE
FN:349,_ZN6aurora6common8MonoTimeEv
FN:359,_ZN6aurora6common8ToSecondEm
FN:363,_ZN6aurora6common24getCurrentDateTimeStringB5cxx11Ev
FN:376,_ZN6aurora6common3VinB5cxx11Ev
FN:381,_ZN6aurora6common16ReplaceSubstringENSt7__cxx1112basic_stringIcSt11char_traitsIcESaIcEEERKS6_S8_
FN:390,_ZN6aurora6common4trimERKNSt7__cxx1112basic_stringIcSt11char_traitsIcESaIcEEE
FN:408,_ZN6aurora6common5splitERKNSt7__cxx1112basic_stringIcSt11char_traitsIcESaIcEEEc
FN:422,_ZN6aurora6common20generateRandomStringB5cxx11Em
FN:442,_ZN6aurora6common12getRandMsgIDB5cxx11Ev
FN:451,_ZN6aurora6common19ParseJsonFromStringERKNSt7__cxx1112basic_stringIcSt11char_traitsIcESaIcEEE
FN:455,_ZN6aurora6common12jsonFormaterERN8nlohmann10basic_jsonISt3mapSt6vectorNSt7__cxx1112basic_stringIcSt11char_traitsIcESaIcEEEblmdSaNS1_14adl_serializerEEESD_
FNDA:0,_ZN6aurora6common12getRandMsgIDB5cxx11Ev
FNDA:0,_ZN6aurora6common16ReplaceSubstringENSt7__cxx1112basic_stringIcSt11char_traitsIcESaIcEEERKS6_S8_
FNDA:0,_ZN6aurora6common10DeleteFileERKNSt7__cxx1112basic_stringIcSt11char_traitsIcESaIcEEE
FNDA:0,_ZN6aurora6common19GetFileCreationTimeERKNSt7__cxx1112basic_stringIcSt11char_traitsIcESaIcEEE
FNDA:0,_ZN6aurora6common8MonoTimeEv
FNDA:0,_ZN6aurora6common24getCurrentDateTimeStringB5cxx11Ev
FNDA:0,_ZN6aurora6common16RenameRecordFileERKNSt7__cxx1112basic_stringIcSt11char_traitsIcESaIcEEE
FNDA:0,_ZN6aurora6common19UnixSecondsToStringEmRKNSt7__cxx1112basic_stringIcSt11char_traitsIcESaIcEEE
FNDA:0,_ZN6aurora6common23ForceCreateDirRecursiveERKNSt7__cxx1112basic_stringIcSt11char_traitsIcESaIcEEE
FNDA:0,_ZN6aurora6common21ensureDirectoryExistsERKNSt7__cxx1112basic_stringIcSt11char_traitsIcESaIcEEE
FNDA:0,_ZN6aurora6common14saveDataToFileERKNSt7__cxx1112basic_stringIcSt11char_traitsIcESaIcEEES8_
FNDA:0,_ZN6aurora6common17generateTimestampEv
FNDA:0,_ZN6aurora6common12FileTimeToMsERKNSt6chrono10time_pointINSt10filesystem12__file_clockENS1_8durationIlSt5ratioILl1ELl1000000000EEEEEE
FNDA:0,_ZN6aurora6common7getTimeEv
FNDA:0,_ZN6aurora6common20generateRandomStringB5cxx11Em
FNDA:0,_ZN6aurora6common5splitERKNSt7__cxx1112basic_stringIcSt11char_traitsIcESaIcEEEc
FNDA:0,_ZN6aurora6common10IsDirExistERKNSt7__cxx1112basic_stringIcSt11char_traitsIcESaIcEEE
FNDA:0,_ZN6aurora6common12jsonFormaterERN8nlohmann10basic_jsonISt3mapSt6vectorNSt7__cxx1112basic_stringIcSt11char_traitsIcESaIcEEEblmdSaNS1_14adl_serializerEEESD_
FNDA:0,_ZN6aurora6common19ParseJsonFromStringERKNSt7__cxx1112basic_stringIcSt11char_traitsIcESaIcEEE
FNDA:0,_ZN6aurora6common19GetCurrentTimestampEv
FNDA:0,_ZN6aurora6common22FindFilesWithAllSuffixERKNSt7__cxx1112basic_stringIcSt11char_traitsIcESaIcEEE
FNDA:0,_ZN6aurora6common4trimERKNSt7__cxx1112basic_stringIcSt11char_traitsIcESaIcEEE
FNDA:0,_ZN6aurora6common19GetFilesInTimeRangeERKNSt7__cxx1112basic_stringIcSt11char_traitsIcESaIcEEEmm
FNDA:0,_ZN6aurora6common21GetCurrentTimestampNsEv
FNDA:0,_ZN6aurora6common23getCurrentTimeFormattedB5cxx11Ev
FNDA:0,_ZN6aurora6common15TimestampNs2StrB5cxx11Em
FNDA:0,_ZN6aurora6common10RenameFileERKNSt7__cxx1112basic_stringIcSt11char_traitsIcESaIcEEES8_
FNDA:0,_ZN6aurora6common21GetCurrentTimestampMsEv
FNDA:0,_ZN6aurora6common19get14DigitTimestampB5cxx11Ev
FNDA:0,_ZN6aurora6common11DeleteFilesERKSt6vectorINSt7__cxx1112basic_stringIcSt11char_traitsIcESaIcEEESaIS7_EE
FNDA:0,_ZN6aurora6common16readFileToStringERKNSt7__cxx1112basic_stringIcSt11char_traitsIcESaIcEEE
FNDA:0,_ZN6aurora6common8ToSecondEm
FNDA:0,_ZN6aurora6common3VinB5cxx11Ev
FNF:33
FNH:0
BRDA:23,0,0,-
BRDA:23,0,1,-
BRDA:41,0,0,-
BRDA:41,0,1,-
BRDA:42,0,0,-
BRDA:42,0,1,-
BRDA:42,0,2,-
BRDA:42,0,3,-
BRDA:42,0,4,-
BRDA:42,0,5,-
BRDA:44,0,0,-
BRDA:44,0,1,-
BRDA:44,0,2,-
BRDA:44,0,3,-
BRDA:45,0,0,-
BRDA:45,0,1,-
BRDA:45,0,2,-
BRDA:45,0,3,-
BRDA:45,0,4,-
BRDA:45,0,5,-
BRDA:46,0,0,0
BRDA:46,0,1,0
BRDA:47,0,0,0
BRDA:47,0,1,0
BRDA:47,0,2,0
BRDA:47,0,3,0
BRDA:47,0,4,0
BRDA:47,0,5,0
BRDA:49,0,0,0
BRDA:49,0,1,0
BRDA:51,0,0,-
BRDA:51,0,1,-
BRDA:51,0,2,-
BRDA:51,0,3,-
BRDA:51,0,4,-
BRDA:51,0,5,-
BRDA:59,0,0,-
BRDA:59,0,1,-
BRDA:61,0,0,-
BRDA:61,0,1,-
BRDA:62,0,0,-
BRDA:62,0,1,-
BRDA:65,0,0,-
BRDA:65,0,1,-
BRDA:66,0,0,-
BRDA:66,0,1,-
BRDA:66,0,2,-
BRDA:66,0,3,-
BRDA:68,0,0,-
BRDA:68,0,1,-
BRDA:68,0,2,-
BRDA:68,0,3,-
BRDA:69,0,0,-
BRDA:69,0,1,-
BRDA:70,0,0,-
BRDA:70,0,1,-
BRDA:70,0,2,-
BRDA:70,0,3,-
BRDA:70,0,4,-
BRDA:70,0,5,-
BRDA:74,0,0,-
BRDA:74,0,1,-
BRDA:74,0,2,-
BRDA:74,0,3,-
BRDA:74,0,4,-
BRDA:74,0,5,-
BRDA:82,0,0,-
BRDA:82,0,1,-
BRDA:82,0,2,-
BRDA:82,0,3,-
BRDA:88,0,0,-
BRDA:88,0,1,-
BRDA:89,0,0,-
BRDA:89,0,1,-
BRDA:90,0,0,-
BRDA:90,0,1,-
BRDA:90,0,2,-
BRDA:90,0,3,-
BRDA:90,0,4,-
BRDA:90,0,5,-
BRDA:90,0,6,-
BRDA:90,0,7,-
BRDA:91,0,0,-
BRDA:91,0,1,-
BRDA:94,0,0,-
[...]
BRDA:429,0,2,-
BRDA:429,0,3,-
BRDA:429,0,4,-
BRDA:429,0,5,-
BRDA:431,0,0,-
BRDA:431,0,1,-
BRDA:486,0,0,-
BRDA:486,0,1,-
BRDA:488,0,0,-
BRDA:488,0,1,-
BRDA:491,0,0,-
BRDA:491,0,1,-
BRDA:491,0,2,-
BRDA:491,0,3,-
BRDA:491,0,4,-
BRDA:491,0,5,-
BRDA:492,0,0,-
BRDA:492,0,1,-
BRDA:492,0,2,-
BRDA:492,0,3,-
BRDA:492,0,4,-
BRDA:492,0,5,-
BRDA:500,0,0,-
BRDA:500,0,1,-
BRDA:511,0,0,-
BRDA:511,0,1,-
BRDA:516,0,0,-
BRDA:516,0,1,-
BRDA:517,0,0,-
BRDA:517,0,1,-
BRDA:518,0,0,-
BRDA:518,0,1,-
BRDA:518,0,2,-
BRDA:518,0,3,-
BRDA:519,0,0,-
BRDA:519,0,1,-
BRDA:525,0,0,-
BRDA:525,0,1,-
BRDA:537,0,0,-
BRDA:537,0,1,-
BRDA:547,0,0,-
BRDA:547,0,1,-
BRDA:548,0,0,-
BRDA:548,0,1,-
BRDA:550,0,0,-
BRDA:550,0,1,-
BRDA:552,0,0,-
BRDA:552,0,1,-
BRDA:554,0,0,-
BRDA:554,0,1,-
BRDA:554,0,2,-
BRDA:554,0,3,-
BRDA:554,0,4,-
BRDA:554,0,5,-
BRDA:554,0,6,-
BRDA:554,0,7,-
BRDA:554,0,8,-
BRDA:554,0,9,-
BRDA:554,0,10,-
BRDA:554,0,11,-
BRDA:554,0,12,-
BRDA:554,0,13,-
BRDA:554,0,14,-
BRDA:554,0,15,-
BRDA:554,0,16,-
BRDA:554,0,17,-
BRDA:554,0,18,-
BRDA:554,0,19,-
BRDA:554,0,20,-
BRDA:554,0,21,-
BRDA:554,0,22,-
BRDA:554,0,23,-
BRDA:554,0,24,-
BRDA:554,0,25,-
BRDA:554,0,26,-
BRDA:554,0,27,-
BRDA:561,0,0,-
BRDA:561,0,1,-
BRDA:563,0,0,-
BRDA:563,0,1,-
BRDA:563,0,2,-
BRDA:563,0,3,-
BRDA:564,0,0,-
BRDA:564,0,1,-
BRDA:564,0,2,-
BRDA:564,0,3,-
BRDA:564,0,4,-
BRDA:564,0,5,-
BRDA:564,0,6,-
BRDA:564,0,7,-
BRDA:564,0,8,-
BRDA:564,0,9,-
BRDA:564,0,10,-
BRDA:564,0,11,-
BRDA:564,0,12,-
BRDA:564,0,13,-
BRDA:564,0,14,-
BRDA:564,0,15,-
BRDA:564,0,16,-
BRDA:564,0,17,-
BRDA:564,0,18,-
BRDA:564,0,19,-
BRDA:564,0,20,-
BRDA:564,0,21,-
BRDA:564,0,22,-
BRDA:564,0,23,-
BRDA:564,0,24,-
BRDA:564,0,25,-
BRDA:564,0,26,-
BRDA:564,0,27,-
BRDA:571,0,0,-
BRDA:571,0,1,-
BRDA:572,0,0,-
BRDA:572,0,1,-
BRDA:584,0,0,-
BRDA:584,0,1,-
BRDA:588,0,0,-
BRDA:588,0,1,-
BRDA:591,0,0,-
BRDA:591,0,1,-
BRDA:593,0,0,-
BRDA:593,0,1,-
BRDA:596,0,0,-
BRDA:596,0,1,-
BRDA:603,0,0,-
BRDA:603,0,1,-
BRDA:603,0,2,-
BRDA:603,0,3,-
BRDA:603,0,4,-
BRDA:603,0,5,-
BRDA:606,0,0,-
BRDA:606,0,1,-
BRDA:606,0,2,-
BRDA:606,0,3,-
BRDA:606,0,4,-
BRDA:606,0,5,-
BRDA:606,0,6,-
BRDA:606,0,7,-
BRDA:606,0,8,-
BRDA:606,0,9,-
BRDA:606,0,10,-
BRDA:606,0,11,-
BRDA:606,0,12,-
BRDA:606,0,13,-
BRDA:606,0,14,-
BRDA:606,0,15,-
BRDA:610,0,0,-
BRDA:610,0,1,-
BRDA:610,0,2,-
BRDA:610,0,3,-
BRDA:610,0,4,-
BRDA:610,0,5,-
BRDA:611,0,0,-
BRDA:611,0,1,-
BRDA:611,0,2,-
BRDA:611,0,3,-
BRDA:611,0,4,-
BRDA:611,0,5,-
BRDA:611,0,6,-
BRDA:611,0,7,-
BRDA:611,0,8,-
BRDA:611,0,9,-
BRDA:611,0,10,-
BRDA:611,0,11,-
BRDA:611,0,12,-
BRDA:611,0,13,-
BRDA:614,0,0,-
BRDA:614,0,1,-
BRDA:618,0,0,-
BRDA:618,0,1,-
BRDA:618,0,2,-
BRDA:618,0,3,-
BRDA:618,0,4,-
BRDA:618,0,5,-
BRDA:619,0,0,-
BRDA:619,0,1,-
BRDA:624,0,0,-
BRDA:624,0,1,-
BRDA:626,0,0,-
BRDA:626,0,1,-
BRDA:626,0,2,-
BRDA:626,0,3,-
BRDA:626,0,4,-
BRDA:626,0,5,-
BRDA:626,0,6,-
BRDA:626,0,7,-
BRDA:626,0,8,-
BRDA:626,0,9,-
BRDA:626,0,10,-
BRDA:626,0,11,-
BRDA:626,0,12,-
BRDA:626,0,13,-
BRDA:633,0,0,-
BRDA:633,0,1,-
BRDA:633,0,2,-
BRDA:633,0,3,-
BRDA:637,0,0,-
BRDA:637,0,1,-
BRDA:680,0,0,-
BRDA:680,0,1,-
BRDA:689,0,0,-
BRDA:689,0,1,-
BRDA:704,0,0,-
BRDA:704,0,1,-
BRDA:705,0,0,-
BRDA:705,0,1,-
BRDA:710,0,0,-
BRDA:710,0,1,-
BRDA:711,0,0,-
BRDA:711,0,1,-
BRDA:712,0,0,-
BRDA:712,0,1,-
BRDA:718,0,0,-
BRDA:718,0,1,-
BRDA:731,0,0,-
BRDA:731,0,1,-
BRDA:734,0,0,-
BRDA:734,0,1,-
BRDA:735,0,0,-
BRDA:735,0,1,-
BRDA:736,0,0,-
BRDA:736,0,1,-
BRDA:747,0,0,-
BRDA:747,0,1,-
BRDA:748,0,0,-
BRDA:748,0,1,-
BRDA:751,0,0,-
BRDA:751,0,1,-
BRDA:752,0,0,-
BRDA:752,0,1,-
BRDA:755,0,0,-
BRDA:755,0,1,-
BRDA:756,0,0,-
BRDA:756,0,1,-
BRDA:765,0,0,-
BRDA:765,0,1,-
BRDA:768,0,0,-
BRDA:768,0,1,-
BRDA:772,0,0,-
BRDA:772,0,1,-
BRDA:776,0,0,0
BRDA:776,0,1,0
BRDA:776,0,2,0
BRDA:776,0,3,0
BRDA:777,0,0,-
BRDA:777,0,1,-
BRDA:778,0,0,-
BRDA:778,0,1,-
BRDA:779,0,0,-
BRDA:779,0,1,-
BRDA:779,0,2,-
BRDA:779,0,3,-
BRDA:780,0,0,-
BRDA:780,0,1,-
BRDA:780,0,2,-
BRDA:780,0,3,-
BRDA:780,0,4,-
BRDA:780,0,5,-
BRDA:780,0,6,-
BRDA:780,0,7,-
BRDA:780,0,8,-
BRDA:780,0,9,-
BRDA:780,0,10,-
BRDA:780,0,11,-
BRDA:780,0,12,-
BRDA:780,0,13,-
BRDA:780,0,14,-
BRDA:780,0,15,-
BRDA:780,0,16,-
BRDA:780,0,17,-
BRDA:780,0,18,-
BRDA:780,0,19,-
BRDA:780,0,20,-
BRDA:780,0,21,-
BRDA:780,0,22,-
BRDA:780,0,23,-
BRDA:780,0,24,-
BRDA:780,0,25,-
BRDA:780,0,26,-
BRDA:780,0,27,-
BRDA:784,0,0,-
BRDA:784,0,1,-
BRDA:785,0,0,-
BRDA:785,0,1,-
BRDA:785,0,2,-
BRDA:785,0,3,-
BRDA:786,0,0,-
BRDA:786,0,1,-
BRDA:788,0,0,-
BRDA:788,0,1,-
BRDA:789,0,0,-
BRDA:789,0,1,-
BRDA:790,0,0,-
BRDA:790,0,1,-
BRDA:792,0,0,-
BRDA:792,0,1,-
BRDA:792,0,2,-
BRDA:792,0,3,-
BRDA:792,0,4,-
BRDA:792,0,5,-
BRDA:792,0,6,-
BRDA:792,0,7,-
BRDA:792,0,8,-
BRDA:792,0,9,-
BRDA:792,0,10,-
BRDA:792,0,11,-
BRDA:792,0,12,-
BRDA:792,0,13,-
BRDA:792,0,14,-
BRDA:792,0,15,-
BRDA:792,0,16,-
BRDA:792,0,17,-
BRDA:792,0,18,-
BRDA:792,0,19,-
BRDA:792,0,20,-
BRDA:792,0,21,-
BRDA:792,0,22,-
BRDA:792,0,23,-
BRDA:792,0,24,-
BRDA:792,0,25,-
BRDA:792,0,26,-
BRDA:792,0,27,-
BRDA:793,0,0,-
BRDA:793,0,1,-
BRDA:793,0,2,-
BRDA:793,0,3,-
BRDA:796,0,0,-
BRDA:796,0,1,-
BRDA:796,0,2,-
BRDA:796,0,3,-
BRDA:796,0,4,-
BRDA:796,0,5,-
BRDA:796,0,6,-
BRDA:796,0,7,-
BRDA:796,0,8,-
BRDA:796,0,9,-
BRDA:796,0,10,-
BRDA:796,0,11,-
BRDA:796,0,12,-
BRDA:796,0,13,-
BRDA:800,0,0,-
BRDA:800,0,1,-
BRDA:801,0,0,-
BRDA:801,0,1,-
BRDA:809,0,0,-
BRDA:809,0,1,-
BRDA:811,0,0,-
BRDA:811,0,1,-
BRDA:814,0,0,-
BRDA:814,0,1,-
BRDA:824,0,0,-
BRDA:824,0,1,-
BRDA:829,0,0,-
BRDA:829,0,1,-
BRDA:834,0,0,-
BRDA:834,0,1,-
BRF:854
BRH:64
DA:17,1
DA:19,1
DA:20,1
DA:21,1
DA:22,1
DA:23,1
DA:24,1
DA:25,1
DA:28,1
DA:29,1
DA:30,1
DA:31,1
DA:32,1
DA:35,1
DA:36,1
DA:37,1
DA:38,1
DA:39,1
DA:40,1
DA:41,1
DA:42,1
DA:43,1
DA:44,1
DA:45,1
DA:46,1
DA:49,1
DA:50,1
DA:51,1
DA:52,1
DA:53,1
DA:54,1
DA:58,1
DA:59,1
DA:61,1
DA:63,1
DA:66,1
DA:67,1
DA:70,14
DA:77,13
DA:79,1
DA:80,1
DA:83,1
DA:84,1
DA:85,1
DA:86,1
DA:87,1
DA:90,1
DA:91,1
DA:92,1
DA:93,1
DA:94,1
DA:97,1
DA:98,1
DA:99,1
DA:101,1
DA:102,1
DA:103,1
DA:106,1
DA:107,1
DA:110,1
DA:111,1
DA:112,1
DA:113,1
DA:114,1
DA:115,1
DA:118,4
DA:119,1
DA:120,3
DA:123,1
DA:124,0
DA:128,0
DA:130,0
DA:132,0
DA:133,0
DA:135,0
DA:136,0
DA:137,0
DA:138,0
DA:140,0
DA:141,0
DA:142,0
DA:146,0
DA:147,0
DA:149,0
DA:150,0
DA:151,0
DA:152,0
DA:153,0
DA:154,0
DA:157,0
DA:158,0
DA:159,0
DA:160,0
DA:163,0
DA:164,0
DA:165,0
DA:166,0
DA:167,0
DA:168,0
DA:169,0
DA:170,0
DA:171,0
DA:173,0
DA:175,0
DA:176,0
DA:177,0
DA:181,0
DA:182,0
DA:184,0
DA:185,0
DA:186,0
DA:187,0
DA:188,0
DA:190,0
DA:191,0
DA:192,0
DA:193,0
DA:194,0
DA:195,0
DA:196,0
DA:198,0
DA:199,0
DA:200,0
DA:202,0
DA:204,0
DA:205,0
DA:206,0
DA:207,0
DA:208,0
DA:210,0
DA:211,0
DA:212,0
DA:213,0
DA:214,0
DA:215,0
DA:218,0
DA:219,0
DA:220,0
DA:221,0
DA:224,0
DA:225,0
DA:227,1
DA:228,1
DA:229,0
DA:254,0
DA:256,1
DA:258,0
DA:259,0
DA:260,0
DA:264,0
DA:268,0
DA:269,0
DA:270,0
DA:271,0
DA:272,0
DA:276,0
DA:277,0
DA:278,0
DA:279,0
DA:280,0
DA:282,0
DA:285,0
DA:288,0
DA:290,0
DA:291,0
DA:293,0
DA:300,0
DA:301,0
DA:304,0
DA:305,0
DA:307,0
DA:308,0
DA:312,0
DA:316,0
DA:319,0
DA:322,0
DA:323,0
DA:324,0
DA:326,0
DA:328,0
DA:331,0
DA:332,0
DA:333,0
DA:337,0
DA:338,0
DA:340,0
DA:341,0
DA:345,0
DA:346,0
DA:349,0
DA:350,0
DA:353,0
DA:354,0
DA:357,0
DA:360,0
DA:361,0
DA:362,0
DA:363,0
DA:368,0
DA:369,0
DA:370,0
DA:372,0
DA:374,0
DA:376,0
DA:377,0
DA:378,0
DA:382,0
DA:383,0
DA:384,0
DA:386,0
DA:387,0
DA:389,0
DA:390,0
DA:392,0
DA:393,0
DA:395,0
DA:396,0
DA:397,0
DA:399,0
DA:400,0
DA:401,0
DA:402,0
DA:407,0
DA:414,0
DA:417,0
DA:418,0
DA:422,0
DA:423,0
DA:427,0
DA:429,0
DA:431,0
DA:432,0
DA:433,0
DA:434,0
DA:435,0
DA:438,0
DA:439,0
DA:440,0
DA:441,0
DA:442,0
DA:443,0
DA:445,0
DA:448,0
DA:449,0
DA:452,0
DA:453,0
DA:454,0
DA:456,0
DA:461,0
DA:466,0
DA:469,0
DA:470,0
DA:471,0
DA:472,0
DA:473,0
DA:476,0
DA:477,0
DA:478,0
DA:479,0
DA:480,0
DA:486,0
DA:488,0
DA:491,0
DA:492,0
DA:493,0
DA:496,0
DA:497,0
DA:498,0
DA:500,0
DA:501,0
DA:504,0
DA:505,0
DA:508,0
DA:510,0
DA:511,0
DA:512,0
DA:516,0
DA:517,0
DA:518,0
DA:519,0
DA:521,0
DA:524,0
DA:525,0
DA:527,0
DA:529,0
DA:530,0
DA:531,0
DA:534,0
DA:537,0
DA:539,0
DA:540,0
DA:541,0
DA:542,0
DA:543,0
DA:546,0
DA:547,0
DA:548,0
DA:549,0
DA:550,0
DA:552,0
DA:554,0
DA:558,0
DA:561,0
DA:562,0
DA:563,0
DA:564,0
DA:566,0
DA:570,0
DA:571,0
DA:572,0
DA:574,0
DA:575,0
DA:576,0
DA:578,0
DA:581,0
DA:582,0
DA:583,0
DA:584,0
DA:587,0
DA:588,0
DA:591,0
DA:592,0
DA:593,0
DA:596,0
DA:597,0
DA:598,0
DA:601,0
DA:602,0
DA:603,0
DA:604,0
DA:606,0
DA:607,0
DA:609,0
DA:610,0
DA:611,0
DA:612,0
DA:614,0
DA:617,0
DA:618,0
DA:619,0
DA:620,0
DA:624,0
DA:625,0
DA:626,0
DA:632,0
DA:633,0
DA:636,0
DA:637,0
DA:638,0
DA:639,0
DA:640,0
DA:641,0
DA:646,0
DA:648,0
DA:649,0
DA:650,0
DA:651,0
DA:653,0
DA:656,0
DA:658,0
DA:659,0
DA:660,0
DA:661,0
DA:664,0
DA:667,0
DA:668,0
DA:669,0
DA:671,0
DA:672,0
DA:673,0
DA:674,0
DA:676,0
DA:679,0
DA:680,0
DA:689,0
DA:690,0
DA:691,0
DA:692,0
DA:693,0
DA:694,0
DA:695,0
DA:696,0
DA:697,0
DA:698,0
DA:699,0
DA:700,0
DA:701,0
DA:704,0
DA:705,0
DA:706,0
DA:710,0
DA:711,0
DA:712,0
DA:714,0
DA:715,0
DA:716,0
DA:718,0
DA:719,0
DA:720,0
DA:721,0
DA:722,0
DA:724,0
DA:725,0
DA:726,0
DA:727,0
DA:728,0
DA:729,0
DA:731,0
DA:734,0
DA:735,0
DA:736,0
DA:738,0
DA:739,0
DA:740,0
DA:741,0
DA:742,0
DA:743,0
DA:744,0
DA:746,0
DA:747,0
DA:748,0
DA:751,0
DA:752,0
DA:755,0
DA:756,0
DA:757,0
DA:758,0
DA:759,0
DA:760,0
DA:761,0
DA:762,0
DA:763,0
DA:765,0
DA:768,0
DA:769,0
DA:770,0
DA:771,0
DA:772,0
DA:773,0
DA:775,1
DA:776,1
DA:777,0
DA:778,0
DA:779,0
DA:780,0
DA:781,0
DA:784,0
DA:785,0
DA:786,0
DA:788,0
DA:789,0
DA:790,0
DA:792,0
DA:793,0
DA:795,0
DA:796,0
DA:797,0
DA:799,0
DA:800,0
DA:801,0
DA:802,0
DA:805,0
DA:806,0
DA:807,0
DA:809,0
DA:810,0
DA:811,0
DA:812,0
DA:814,0
DA:815,0
DA:819,0
DA:820,0
DA:821,0
DA:823,0
DA:824,0
DA:825,0
DA:826,0
DA:828,0
DA:829,0
DA:830,0
DA:831,0
DA:833,0
DA:834,0
DA:835,0
DA:836,0
LF:485
LH:74
end_of_record
TN:
SF:/home/xucong/caicAD/01datainfra/Aurora/aurora-edge-runtime/src/simulator/robot_simulator_v2.h
FN:45,_ZN6aurora3sim5PointC2Edd
FN:60,_ZN6aurora3sim15CollectionErrorC2Ev
FN:73,_ZN6aurora3sim16RobotSimulatorV2D2Ev
FN:73,_ZN6aurora3sim16RobotSimulatorV2D0Ev
FN:118,_ZN6aurora3sim16RobotSimulatorV220setWaypointToleranceEd
FN:200,_ZN6aurora3sim16RobotSimulatorV212FeatureFlagsC2Ev
FNDA:0,_ZN6aurora3sim16RobotSimulatorV220setWaypointToleranceEd
FNDA:0,_ZN6aurora3sim16RobotSimulatorV2D2Ev
FNDA:1,_ZN6aurora3sim16RobotSimulatorV212FeatureFlagsC2Ev
FNDA:0,_ZN6aurora3sim5PointC2Edd
FNDA:0,_ZN6aurora3sim15CollectionErrorC2Ev
FNDA:0,_ZN6aurora3sim16RobotSimulatorV2D0Ev
FNF:6
FNH:1
DA:45,0
DA:60,0
DA:73,0
DA:118,0
DA:119,0
DA:120,0
DA:200,1
DA:201,1
DA:202,1
DA:203,1
DA:204,1
DA:205,1
DA:206,1
DA:207,1
LF:14
LH:8
end_of_record
TN:
SF:/home/xucong/caicAD/01datainfra/Aurora/aurora-edge-runtime/src/state_machine/state_machine.cpp
FN:10,_ZN6aurora13state_machine12StateMachine11getInstanceEv
FN:15,_ZN6aurora13state_machine12StateMachineC2Ev
FN:19,_ZN6aurora13state_machine12StateMachine10initializeEv
FN:26,_ZN6aurora13state_machine12StateMachine18setActionCallbacksERKNS0_15ActionCallbacksE
FN:30,_ZN6aurora13state_machine12StateMachine19setAuditLogCallbackESt8functionIFvNS0_11SystemStateES3_NS0_10StateEventERKNSt6chrono10time_pointINS5_3_V212steady_clockENS5_8durationIlSt5ratioILl1ELl1000000000EEEEEEEE
FN:34,_ZN6aurora13state_machine12StateMachine14setDegradeModeEb
FN:45,_ZN6aurora13state_machine12StateMachine13stateToStringENS0_11SystemStateE
FN:59,_ZN6aurora13state_machine12StateMachine13eventToStringENS0_10StateEventE
FN:79,_ZN6aurora13state_machine12StateMachine11handleEventENS0_10StateEventE
FN:110,_ZN6aurora13state_machine12StateMachine18handleInitializingENS0_10StateEventE
FN:118,_ZN6aurora13state_machine12StateMachine10handleIdleENS0_10StateEventE
FN:138,_ZN6aurora13state_machine12StateMachine14handlePlanningENS0_10StateEventE
FN:154,_ZN6aurora13state_machine12StateMachine16handleNavigatingENS0_10StateEventE
FN:181,_ZN6aurora13state_machine12StateMachine20handleDataCollectionENS0_10StateEventE
FN:197,_ZN6aurora13state_machine12StateMachine15handleUploadingENS0_10StateEventE
FN:219,_ZN6aurora13state_machine12StateMachine11handleErrorENS0_10StateEventE
FN:236,_ZN6aurora13state_machine12StateMachine18handleShuttingDownENS0_10StateEventE
FN:242,_ZN6aurora13state_machine12StateMachine17transitionToStateENS0_11SystemStateENS0_10StateEventE
FNDA:2,_ZN6aurora13state_machine12StateMachineC2Ev
FNDA:21,_ZN6aurora13state_machine12StateMachine14setDegradeModeEb
FNDA:32,_ZN6aurora13state_machine12StateMachine17transitionToStateENS0_11SystemStateENS0_10StateEventE
FNDA:1,_ZN6aurora13state_machine12StateMachine16handleNavigatingENS0_10StateEventE
FNDA:136,_ZN6aurora13state_machine12StateMachine13stateToStringENS0_11SystemStateE
FNDA:3,_ZN6aurora13state_machine12StateMachine18handleInitializingENS0_10StateEventE
FNDA:0,_ZN6aurora13state_machine12StateMachine20handleDataCollectionENS0_10StateEventE
FNDA:14,_ZN6aurora13state_machine12StateMachine11handleEventENS0_10StateEventE
FNDA:19,_ZN6aurora13state_machine12StateMachine11getInstanceEv
FNDA:0,_ZN6aurora13state_machine12StateMachine18handleShuttingDownENS0_10StateEventE
FNDA:1,_ZN6aurora13state_machine12StateMachine18setActionCallbacksERKNS0_15ActionCallbacksE
FNDA:5,_ZN6aurora13state_machine12StateMachine10handleIdleENS0_10StateEventE
FNDA:3,_ZN6aurora13state_machine12StateMachine14handlePlanningENS0_10StateEventE
FNDA:1,_ZN6aurora13state_machine12StateMachine19setAuditLogCallbackESt8functionIFvNS0_11SystemStateES3_NS0_10StateEventERKNSt6chrono10time_pointINS5_3_V212steady_clockENS5_8durationIlSt5ratioILl1ELl1000000000EEEEEEEE
FNDA:69,_ZN6aurora13state_machine12StateMachine13eventToStringENS0_10StateEventE
FNDA:0,_ZN6aurora13state_machine12StateMachine15handleUploadingENS0_10StateEventE
FNDA:2,_ZN6aurora13state_machine12StateMachine11handleErrorENS0_10StateEventE
FNDA:18,_ZN6aurora13state_machine12StateMachine10initializeEv
FNF:18
FNH:15
BRDA:11,0,0,2
BRDA:11,0,1,17
BRDA:11,0,2,2
BRDA:11,0,3,0
BRDA:11,0,4,2
BRDA:11,0,5,0
BRDA:11,0,6,0
BRDA:11,0,7,0
BRDA:20,0,0,18
BRDA:20,0,1,0
BRDA:22,0,0,18
BRDA:22,0,1,0
BRDA:36,0,0,3
BRDA:36,0,1,18
BRDA:37,0,0,3
BRDA:37,0,1,0
BRDA:39,0,0,18
BRDA:39,0,1,0
BRDA:46,0,0,21
BRDA:46,0,1,67
BRDA:46,0,2,17
BRDA:46,0,3,9
BRDA:46,0,4,1
BRDA:46,0,5,1
BRDA:46,0,6,11
BRDA:46,0,7,9
BRDA:46,0,8,0
BRDA:60,0,0,43
BRDA:60,0,1,7
BRDA:60,0,2,5
BRDA:60,0,3,0
BRDA:60,0,4,0
BRDA:60,0,5,0
BRDA:60,0,6,0
BRDA:60,0,7,0
BRDA:60,0,8,0
BRDA:60,0,9,5
BRDA:60,0,10,4
BRDA:60,0,11,5
BRDA:60,0,12,0
BRDA:80,0,0,3
BRDA:80,0,1,5
BRDA:80,0,2,3
BRDA:80,0,3,1
BRDA:80,0,4,0
BRDA:80,0,5,0
BRDA:80,0,6,2
BRDA:80,0,7,0
BRDA:80,0,8,0
BRDA:111,0,0,3
BRDA:111,0,1,0
BRDA:114,0,0,-
BRDA:114,0,1,-
BRDA:119,0,0,3
BRDA:119,0,1,0
BRDA:119,0,2,2
BRDA:119,0,3,0
BRDA:121,0,0,3
BRDA:121,0,1,0
BRDA:125,0,0,-
BRDA:125,0,1,-
BRDA:129,0,0,2
BRDA:129,0,1,0
BRDA:133,0,0,-
BRDA:133,0,1,-
BRDA:139,0,0,2
BRDA:139,0,1,1
BRDA:139,0,2,0
BRDA:141,0,0,2
BRDA:141,0,1,0
BRDA:145,0,0,1
BRDA:145,0,1,0
BRDA:149,0,0,-
BRDA:149,0,1,-
BRDA:155,0,0,0
BRDA:155,0,1,0
BRDA:155,0,2,1
BRDA:155,0,3,0
BRDA:158,0,0,-
BRDA:158,0,1,-
BRDA:158,0,2,-
BRDA:158,0,3,-
BRDA:158,0,4,-
BRDA:158,0,5,-
BRDA:159,0,0,-
BRDA:159,0,1,-
BRDA:161,0,0,-
BRDA:161,0,1,-
BRDA:161,0,2,-
BRDA:161,0,3,-
BRDA:161,0,4,-
BRDA:161,0,5,-
BRDA:163,0,0,-
BRDA:163,0,1,-
BRDA:168,0,0,-
BRDA:168,0,1,-
BRDA:172,0,0,1
BRDA:172,0,1,0
BRDA:176,0,0,-
BRDA:176,0,1,-
BRDA:182,0,0,-
BRDA:182,0,1,-
BRDA:182,0,2,-
BRDA:184,0,0,-
BRDA:184,0,1,-
BRDA:188,0,0,-
BRDA:188,0,1,-
BRDA:192,0,0,-
BRDA:192,0,1,-
BRDA:198,0,0,-
BRDA:198,0,1,-
BRDA:198,0,2,-
BRDA:200,0,0,-
BRDA:200,0,1,-
BRDA:204,0,0,-
BRDA:204,0,1,-
BRDA:206,0,0,-
BRDA:206,0,1,-
BRDA:207,0,0,-
BRDA:207,0,1,-
BRDA:214,0,0,-
BRDA:214,0,1,-
BRDA:220,0,0,2
BRDA:220,0,1,0
BRDA:220,0,2,0
BRDA:222,0,0,2
BRDA:222,0,1,0
BRDA:227,0,0,-
BRDA:227,0,1,-
BRDA:231,0,0,-
BRDA:231,0,1,-
BRDA:237,0,0,-
BRDA:237,0,1,-
BRDA:250,0,0,32
BRDA:250,0,1,0
BRDA:253,0,0,32
BRDA:253,0,1,0
BRDA:253,0,2,32
BRDA:253,0,3,0
BRDA:253,0,4,32
BRDA:253,0,5,0
BRDA:253,0,6,32
BRDA:253,0,7,0
BRDA:253,0,8,32
BRDA:253,0,9,0
BRDA:253,0,10,32
BRDA:253,0,11,0
BRDA:253,0,12,32
BRDA:253,0,13,0
BRDA:253,0,14,32
BRDA:253,0,15,0
BRDA:253,0,16,32
BRDA:253,0,17,0
BRDA:253,0,18,32
BRDA:253,0,19,0
BRDA:254,0,0,32
BRDA:254,0,1,0
BRDA:254,0,2,32
BRDA:254,0,3,0
BRDA:254,0,4,32
BRDA:254,0,5,0
BRDA:254,0,6,32
BRDA:254,0,7,0
BRDA:254,0,8,32
BRDA:254,0,9,0
BRDA:254,0,10,32
BRDA:254,0,11,0
BRDA:254,0,12,0
BRDA:254,0,13,32
BRDA:254,0,14,0
BRDA:254,0,15,0
BRDA:254,0,16,0
BRDA:254,0,17,0
BRDA:254,0,18,0
BRDA:254,0,19,0
BRDA:254,0,20,0
BRDA:254,0,21,0
BRDA:254,0,22,0
BRDA:254,0,23,0
BRDA:254,0,24,0
BRDA:254,0,25,0
BRDA:259,0,0,32
BRDA:259,0,1,0
BRDA:259,0,2,0
BRDA:259,0,3,32
BRDA:259,0,4,0
BRDA:259,0,5,0
BRDA:259,0,6,0
BRDA:259,0,7,0
BRDA:259,0,8,0
BRDA:259,0,9,0
BRDA:261,0,0,6
BRDA:261,0,1,26
BRDA:262,0,0,6
BRDA:262,0,1,0
BRDA:266,0,0,3
BRDA:266,0,1,0
BRDA:266,0,2,0
BRDA:266,0,3,2
BRDA:266,0,4,27
BRDA:268,0,0,1
BRDA:268,0,1,2
BRDA:269,0,0,1
BRDA:269,0,1,0
BRDA:270,0,0,1
BRDA:270,0,1,0
BRDA:270,0,2,1
BRDA:270,0,3,0
BRDA:274,0,0,-
BRDA:274,0,1,-
BRDA:275,0,0,-
BRDA:275,0,1,-
BRDA:276,0,0,-
BRDA:276,0,1,-
BRDA:276,0,2,-
BRDA:276,0,3,-
BRDA:280,0,0,-
BRDA:280,0,1,-
BRDA:281,0,0,-
BRDA:281,0,1,-
BRDA:282,0,0,-
BRDA:282,0,1,-
BRDA:282,0,2,-
BRDA:282,0,3,-
BRDA:286,0,0,0
BRDA:286,0,1,2
BRDA:287,0,0,-
BRDA:287,0,1,-
BRDA:289,0,0,2
BRDA:289,0,1,0
BRDA:289,0,2,2
BRDA:289,0,3,0
BRF:232
BRH:76
DA:10,19
DA:11,19
DA:12,19
DA:15,2
DA:16,2
DA:17,2
DA:19,18
DA:20,18
DA:21,18
DA:22,18
DA:23,18
DA:26,1
DA:27,1
DA:28,1
DA:30,1
DA:31,1
DA:32,1
DA:34,21
DA:35,21
DA:36,21
DA:37,3
DA:39,18
DA:41,21
DA:45,136
DA:46,136
DA:47,21
DA:48,67
DA:49,17
DA:50,9
DA:51,1
DA:52,1
DA:53,11
DA:54,9
DA:56,0
DA:59,69
DA:60,69
DA:61,43
DA:62,7
DA:63,5
DA:64,0
DA:65,0
DA:66,0
DA:67,0
DA:68,0
DA:69,0
DA:70,5
DA:71,4
DA:72,5
DA:74,0
DA:79,14
DA:80,14
DA:81,3
DA:82,3
DA:83,3
DA:84,5
DA:85,5
DA:86,5
DA:87,3
DA:88,3
DA:89,3
DA:90,1
DA:91,1
DA:92,1
DA:93,0
DA:94,0
DA:95,0
DA:96,0
DA:97,0
DA:98,0
DA:99,2
DA:100,2
DA:101,2
DA:102,0
DA:103,0
DA:104,0
DA:106,14
DA:110,3
DA:111,3
DA:112,3
DA:114,0
DA:116,3
DA:118,5
DA:119,5
DA:120,3
DA:121,3
DA:122,3
DA:123,3
DA:124,0
DA:125,0
DA:126,0
DA:127,0
DA:128,2
DA:129,2
DA:130,2
DA:131,2
DA:132,0
DA:133,0
DA:134,0
DA:136,5
DA:138,3
DA:139,3
DA:140,2
DA:141,2
DA:142,2
DA:143,2
DA:144,1
DA:145,1
DA:146,1
DA:147,1
DA:148,0
DA:149,0
DA:150,0
DA:152,3
DA:154,1
DA:155,1
DA:156,0
DA:158,0
DA:159,0
DA:160,0
DA:161,0
DA:163,0
DA:164,0
DA:166,0
DA:167,0
DA:168,0
DA:169,0
DA:170,0
DA:171,1
DA:172,1
DA:173,1
DA:174,1
DA:175,0
DA:176,0
DA:177,0
DA:179,1
DA:181,0
DA:182,0
DA:183,0
DA:184,0
DA:185,0
DA:186,0
DA:187,0
DA:188,0
DA:189,0
DA:190,0
DA:191,0
DA:192,0
DA:193,0
DA:195,0
DA:197,0
DA:198,0
DA:199,0
DA:200,0
DA:201,0
DA:202,0
DA:203,0
DA:204,0
DA:206,0
DA:207,0
DA:208,0
DA:210,0
DA:212,0
DA:213,0
DA:214,0
DA:215,0
DA:217,0
DA:219,2
DA:220,2
DA:221,2
DA:222,2
DA:223,2
DA:224,2
DA:225,2
DA:226,0
DA:227,0
DA:228,0
DA:229,0
DA:230,0
DA:231,0
DA:232,0
DA:234,2
DA:236,0
DA:237,0
DA:238,0
DA:242,32
DA:243,32
DA:244,32
DA:247,32
DA:250,32
DA:253,32
DA:254,32
DA:259,32
DA:261,32
DA:262,6
DA:266,32
DA:267,3
DA:268,3
DA:269,1
DA:270,1
DA:272,3
DA:273,0
DA:274,0
DA:275,0
DA:276,0
DA:278,0
DA:279,0
DA:280,0
DA:281,0
DA:282,0
DA:284,0
DA:285,2
DA:286,2
DA:287,0
DA:289,2
DA:290,2
DA:291,27
DA:292,27
DA:294,32
LF:218
LH:123
end_of_record
TN:
SF:/home/xucong/caicAD/01datainfra/Aurora/aurora-edge-runtime/src/state_machine/state_machine.h
FN:79,_ZNK6aurora13state_machine12StateMachine15getCurrentStateEv
FN:82,_ZN6aurora13state_machine12StateMachine15setCurrentStateENS0_11SystemStateE
FN:92,_ZNK6aurora13state_machine12StateMachine13isDegradeModeEv
FN:100,_ZN6aurora13state_machine12StateMachineD2Ev
FNDA:12,_ZNK6aurora13state_machine12StateMachine15getCurrentStateEv
FNDA:2,_ZN6aurora13state_machine12StateMachineD2Ev
FNDA:29,_ZN6aurora13state_machine12StateMachine15setCurrentStateENS0_11SystemStateE
FNDA:3,_ZNK6aurora13state_machine12StateMachine13isDegradeModeEv
FNF:4
FNH:4
DA:79,12
DA:82,29
DA:92,3
DA:100,2
LF:4
LH:4
end_of_record
